#
# A fatal error has been detected by the Java Runtime Environment:
#
#  Internal Error (./open/src/hotspot/share/oops/generateOopMap.cpp:2164), pid=28660, tid=28828
#  fatal error: Illegal class file encountered. Try running with -Xverify:all in method main
#
# JRE version: Java(TM) SE Runtime Environment 18.9 (11.0.16+11) (build 11.0.16+11-LTS-199)
# Java VM: Java HotSpot(TM) 64-Bit Server VM 18.9 (11.0.16+11-LTS-199, mixed mode, tiered, compressed oops, g1 gc, windows-amd64)
# No core dump will be written. Minidumps are not enabled by default on client versions of Windows
#
# If you would like to submit a bug report, please visit:
#   https://bugreport.java.com/bugreport/crash.jsp
#

---------------  S U M M A R Y ------------

Command Line: -agentlib:jdwp=transport=dt_socket,suspend=y,address=localhost:59562 -javaagent:C:\Users\fajle\eclipse\java-2022-09\eclipse\configuration\org.eclipse.osgi\228\0\.cp\lib\javaagent-shaded.jar -Dfile.encoding=UTF-8 --module-path=C:\Users\fajle\Downloads\commons-lang3-3.12.0-bin\commons-lang3-3.12.0\commons-lang3-3.12.0-javadoc.jar;C:\Users\fajle\Downloads\commons-lang3-3.12.0-bin\commons-lang3-3.12.0\commons-lang3-3.12.0-sources.jar;C:\Users\fajle\Downloads\commons-lang3-3.12.0-bin\commons-lang3-3.12.0\commons-lang3-3.12.0.jar;C:\Users\fajle\eclipse-workspace\AdventOfCode\target\classes -Djdk.module.main=AdventOfCode AdventOfCode/packaged.SupplyChainIssues

Host: Intel(R) Core(TM) i9-10900K CPU @ 3.70GHz, 20 cores, 127G,  Windows 10 , 64 bit Build 19041 (10.0.19041.1889)
Time: Tue Dec  6 14:56:13 2022 Eastern Standard Time elapsed time: 250.337966 seconds (0d 0h 4m 10s)

---------------  T H R E A D  ---------------

Current thread (0x000002174d2c3000):  VMThread "VM Thread" [stack: 0x000000560e600000,0x000000560e700000] [id=28828]

Stack: [0x000000560e600000,0x000000560e700000]
[error occurred during error reporting (printing stack bounds), id 0xc0000005, EXCEPTION_ACCESS_VIOLATION (0xc0000005) at pc=0x0000021700000f2d]

Native frames: (J=compiled Java code, j=interpreted, Vv=VM code, C=native code)
V  [jvm.dll+0x62a3ea]
V  [jvm.dll+0x76418f]
V  [jvm.dll+0x765839]
V  [jvm.dll+0x765e25]
V  [jvm.dll+0x765ddb]
V  [jvm.dll+0x6298d3]
V  [jvm.dll+0x629fe8]
C  [ntdll.dll+0xa241f]
C  [ntdll.dll+0x514a4]
C  [ntdll.dll+0xa0f4e]
C  0x0000021700000f2d

VM_Operation (0x000000560f5ff450): GetOrSetLocal, mode: safepoint, requested by thread 0x000002174e084800


---------------  P R O C E S S  ---------------

Threads class SMR info:
_java_thread_list=0x000002174e0f5fb0, length=13, elements={
0x000002176b3cd800, 0x000002174d2e6800, 0x000002174d2f0800, 0x000002174db4a800,
0x000002174db4c800, 0x000002174db4f800, 0x000002174db56800, 0x000002174db5a000,
0x000002174db64000, 0x000002174d27f000, 0x000002174e084800, 0x000002174e086800,
0x000002174e090800
}

Java Threads: ( => current thread )
  0x000002176b3cd800 JavaThread "main" [_thread_blocked, id=9672, stack(0x000000560e000000,0x000000560e100000)]
  0x000002174d2e6800 JavaThread "Reference Handler" daemon [_thread_blocked, id=12424, stack(0x000000560e700000,0x000000560e800000)]
  0x000002174d2f0800 JavaThread "Finalizer" daemon [_thread_blocked, id=65592, stack(0x000000560e800000,0x000000560e900000)]
  0x000002174db4a800 JavaThread "Signal Dispatcher" daemon [_thread_blocked, id=72788, stack(0x000000560e900000,0x000000560ea00000)]
  0x000002174db4c800 JavaThread "Attach Listener" daemon [_thread_blocked, id=21024, stack(0x000000560ea00000,0x000000560eb00000)]
  0x000002174db4f800 JavaThread "Service Thread" daemon [_thread_blocked, id=55180, stack(0x000000560eb00000,0x000000560ec00000)]
  0x000002174db56800 JavaThread "C2 CompilerThread0" daemon [_thread_blocked, id=42176, stack(0x000000560ec00000,0x000000560ed00000)]
  0x000002174db5a000 JavaThread "C1 CompilerThread0" daemon [_thread_blocked, id=34008, stack(0x000000560ed00000,0x000000560ee00000)]
  0x000002174db64000 JavaThread "Sweeper thread" daemon [_thread_blocked, id=53252, stack(0x000000560ee00000,0x000000560ef00000)]
  0x000002174d27f000 JavaThread "Common-Cleaner" daemon [_thread_blocked, id=27672, stack(0x000000560ef00000,0x000000560f000000)]
  0x000002174e084800 JavaThread "JDWP Transport Listener: dt_socket" daemon [_thread_blocked, id=63612, stack(0x000000560f500000,0x000000560f600000)] _threads_hazard_ptr=0x000002174e0f5fb0
  0x000002174e086800 JavaThread "JDWP Event Helper Thread" daemon [_thread_blocked, id=61752, stack(0x000000560f600000,0x000000560f700000)]
  0x000002174e090800 JavaThread "JDWP Command Reader" daemon [_thread_in_native, id=49196, stack(0x000000560f700000,0x000000560f800000)]

Other Threads:
=>0x000002174d2c3000 VMThread "VM Thread" [stack: 0x000000560e600000,0x000000560e700000] [id=28828]
  0x000002174e03d800 WatcherThread [stack: 0x000000560f800000,0x000000560f900000] [id=5884]
  0x000002176b3e3000 GCTaskThread "GC Thread#0" [stack: 0x000000560e100000,0x000000560e200000] [id=72612]
  0x000002176919c800 ConcurrentGCThread "G1 Main Marker" [stack: 0x000000560e200000,0x000000560e300000] [id=65992]
  0x000002176b44c000 ConcurrentGCThread "G1 Conc#0" [stack: 0x000000560e300000,0x000000560e400000] [id=18800]
  0x000002174d122800 ConcurrentGCThread "G1 Refine#0" [stack: 0x000000560e400000,0x000000560e500000] [id=15140]
  0x000002174d123800 ConcurrentGCThread "G1 Young RemSet Sampling" [stack: 0x000000560e500000,0x000000560e600000] [id=38936]

Threads with active compile tasks:

VM state:at safepoint (normal execution)

VM Mutex/Monitor currently owned by a thread:  ([mutex/lock_event])
[0x000002176b3c9420] Threads_lock - owner thread: 0x000002174d2c3000

Heap address: 0x0000000082000000, size: 30688 MB, Compressed Oops mode: Zero based, Oop shift amount: 3
Narrow klass base: 0x0000000800000000, Narrow klass shift: 0
Compressed class space size: 1073741824 Address: 0x0000000800000000

Heap:
 garbage-first heap   total 2097152K, used 12288K [0x0000000082000000, 0x0000000800000000)
  region size 4096K, 4 young (16384K), 0 survivors (0K)
 Metaspace       used 9613K, capacity 9771K, committed 9984K, reserved 1058816K
  class space    used 873K, capacity 936K, committed 1024K, reserved 1048576K
Heap Regions: E=young(eden), S=young(survivor), O=old, HS=humongous(starts), HC=humongous(continues), CS=collection set, F=free, A=archive, TAMS=top-at-mark-start (previous, next)
|   0|0x0000000082000000, 0x0000000082000000, 0x0000000082400000|  0%| F|  |TAMS 0x0000000082000000, 0x0000000082000000| Untracked 
|   1|0x0000000082400000, 0x0000000082400000, 0x0000000082800000|  0%| F|  |TAMS 0x0000000082400000, 0x0000000082400000| Untracked 
|   2|0x0000000082800000, 0x0000000082800000, 0x0000000082c00000|  0%| F|  |TAMS 0x0000000082800000, 0x0000000082800000| Untracked 
|   3|0x0000000082c00000, 0x0000000082c00000, 0x0000000083000000|  0%| F|  |TAMS 0x0000000082c00000, 0x0000000082c00000| Untracked 
|   4|0x0000000083000000, 0x0000000083000000, 0x0000000083400000|  0%| F|  |TAMS 0x0000000083000000, 0x0000000083000000| Untracked 
|   5|0x0000000083400000, 0x0000000083400000, 0x0000000083800000|  0%| F|  |TAMS 0x0000000083400000, 0x0000000083400000| Untracked 
|   6|0x0000000083800000, 0x0000000083800000, 0x0000000083c00000|  0%| F|  |TAMS 0x0000000083800000, 0x0000000083800000| Untracked 
|   7|0x0000000083c00000, 0x0000000083c00000, 0x0000000084000000|  0%| F|  |TAMS 0x0000000083c00000, 0x0000000083c00000| Untracked 
|   8|0x0000000084000000, 0x0000000084000000, 0x0000000084400000|  0%| F|  |TAMS 0x0000000084000000, 0x0000000084000000| Untracked 
|   9|0x0000000084400000, 0x0000000084400000, 0x0000000084800000|  0%| F|  |TAMS 0x0000000084400000, 0x0000000084400000| Untracked 
|  10|0x0000000084800000, 0x0000000084800000, 0x0000000084c00000|  0%| F|  |TAMS 0x0000000084800000, 0x0000000084800000| Untracked 
|  11|0x0000000084c00000, 0x0000000084c00000, 0x0000000085000000|  0%| F|  |TAMS 0x0000000084c00000, 0x0000000084c00000| Untracked 
|  12|0x0000000085000000, 0x0000000085000000, 0x0000000085400000|  0%| F|  |TAMS 0x0000000085000000, 0x0000000085000000| Untracked 
|  13|0x0000000085400000, 0x0000000085400000, 0x0000000085800000|  0%| F|  |TAMS 0x0000000085400000, 0x0000000085400000| Untracked 
|  14|0x0000000085800000, 0x0000000085800000, 0x0000000085c00000|  0%| F|  |TAMS 0x0000000085800000, 0x0000000085800000| Untracked 
|  15|0x0000000085c00000, 0x0000000085c00000, 0x0000000086000000|  0%| F|  |TAMS 0x0000000085c00000, 0x0000000085c00000| Untracked 
|  16|0x0000000086000000, 0x0000000086000000, 0x0000000086400000|  0%| F|  |TAMS 0x0000000086000000, 0x0000000086000000| Untracked 
|  17|0x0000000086400000, 0x0000000086400000, 0x0000000086800000|  0%| F|  |TAMS 0x0000000086400000, 0x0000000086400000| Untracked 
|  18|0x0000000086800000, 0x0000000086800000, 0x0000000086c00000|  0%| F|  |TAMS 0x0000000086800000, 0x0000000086800000| Untracked 
|  19|0x0000000086c00000, 0x0000000086c00000, 0x0000000087000000|  0%| F|  |TAMS 0x0000000086c00000, 0x0000000086c00000| Untracked 
|  20|0x0000000087000000, 0x0000000087000000, 0x0000000087400000|  0%| F|  |TAMS 0x0000000087000000, 0x0000000087000000| Untracked 
|  21|0x0000000087400000, 0x0000000087400000, 0x0000000087800000|  0%| F|  |TAMS 0x0000000087400000, 0x0000000087400000| Untracked 
|  22|0x0000000087800000, 0x0000000087800000, 0x0000000087c00000|  0%| F|  |TAMS 0x0000000087800000, 0x0000000087800000| Untracked 
|  23|0x0000000087c00000, 0x0000000087c00000, 0x0000000088000000|  0%| F|  |TAMS 0x0000000087c00000, 0x0000000087c00000| Untracked 
|  24|0x0000000088000000, 0x0000000088000000, 0x0000000088400000|  0%| F|  |TAMS 0x0000000088000000, 0x0000000088000000| Untracked 
|  25|0x0000000088400000, 0x0000000088400000, 0x0000000088800000|  0%| F|  |TAMS 0x0000000088400000, 0x0000000088400000| Untracked 
|  26|0x0000000088800000, 0x0000000088800000, 0x0000000088c00000|  0%| F|  |TAMS 0x0000000088800000, 0x0000000088800000| Untracked 
|  27|0x0000000088c00000, 0x0000000088c00000, 0x0000000089000000|  0%| F|  |TAMS 0x0000000088c00000, 0x0000000088c00000| Untracked 
|  28|0x0000000089000000, 0x0000000089000000, 0x0000000089400000|  0%| F|  |TAMS 0x0000000089000000, 0x0000000089000000| Untracked 
|  29|0x0000000089400000, 0x0000000089400000, 0x0000000089800000|  0%| F|  |TAMS 0x0000000089400000, 0x0000000089400000| Untracked 
|  30|0x0000000089800000, 0x0000000089800000, 0x0000000089c00000|  0%| F|  |TAMS 0x0000000089800000, 0x0000000089800000| Untracked 
|  31|0x0000000089c00000, 0x0000000089c00000, 0x000000008a000000|  0%| F|  |TAMS 0x0000000089c00000, 0x0000000089c00000| Untracked 
|  32|0x000000008a000000, 0x000000008a000000, 0x000000008a400000|  0%| F|  |TAMS 0x000000008a000000, 0x000000008a000000| Untracked 
|  33|0x000000008a400000, 0x000000008a400000, 0x000000008a800000|  0%| F|  |TAMS 0x000000008a400000, 0x000000008a400000| Untracked 
|  34|0x000000008a800000, 0x000000008a800000, 0x000000008ac00000|  0%| F|  |TAMS 0x000000008a800000, 0x000000008a800000| Untracked 
|  35|0x000000008ac00000, 0x000000008ac00000, 0x000000008b000000|  0%| F|  |TAMS 0x000000008ac00000, 0x000000008ac00000| Untracked 
|  36|0x000000008b000000, 0x000000008b000000, 0x000000008b400000|  0%| F|  |TAMS 0x000000008b000000, 0x000000008b000000| Untracked 
|  37|0x000000008b400000, 0x000000008b400000, 0x000000008b800000|  0%| F|  |TAMS 0x000000008b400000, 0x000000008b400000| Untracked 
|  38|0x000000008b800000, 0x000000008b800000, 0x000000008bc00000|  0%| F|  |TAMS 0x000000008b800000, 0x000000008b800000| Untracked 
|  39|0x000000008bc00000, 0x000000008bc00000, 0x000000008c000000|  0%| F|  |TAMS 0x000000008bc00000, 0x000000008bc00000| Untracked 
|  40|0x000000008c000000, 0x000000008c000000, 0x000000008c400000|  0%| F|  |TAMS 0x000000008c000000, 0x000000008c000000| Untracked 
|  41|0x000000008c400000, 0x000000008c400000, 0x000000008c800000|  0%| F|  |TAMS 0x000000008c400000, 0x000000008c400000| Untracked 
|  42|0x000000008c800000, 0x000000008c800000, 0x000000008cc00000|  0%| F|  |TAMS 0x000000008c800000, 0x000000008c800000| Untracked 
|  43|0x000000008cc00000, 0x000000008cc00000, 0x000000008d000000|  0%| F|  |TAMS 0x000000008cc00000, 0x000000008cc00000| Untracked 
|  44|0x000000008d000000, 0x000000008d000000, 0x000000008d400000|  0%| F|  |TAMS 0x000000008d000000, 0x000000008d000000| Untracked 
|  45|0x000000008d400000, 0x000000008d400000, 0x000000008d800000|  0%| F|  |TAMS 0x000000008d400000, 0x000000008d400000| Untracked 
|  46|0x000000008d800000, 0x000000008d800000, 0x000000008dc00000|  0%| F|  |TAMS 0x000000008d800000, 0x000000008d800000| Untracked 
|  47|0x000000008dc00000, 0x000000008dc00000, 0x000000008e000000|  0%| F|  |TAMS 0x000000008dc00000, 0x000000008dc00000| Untracked 
|  48|0x000000008e000000, 0x000000008e000000, 0x000000008e400000|  0%| F|  |TAMS 0x000000008e000000, 0x000000008e000000| Untracked 
|  49|0x000000008e400000, 0x000000008e400000, 0x000000008e800000|  0%| F|  |TAMS 0x000000008e400000, 0x000000008e400000| Untracked 
|  50|0x000000008e800000, 0x000000008e800000, 0x000000008ec00000|  0%| F|  |TAMS 0x000000008e800000, 0x000000008e800000| Untracked 
|  51|0x000000008ec00000, 0x000000008ec00000, 0x000000008f000000|  0%| F|  |TAMS 0x000000008ec00000, 0x000000008ec00000| Untracked 
|  52|0x000000008f000000, 0x000000008f000000, 0x000000008f400000|  0%| F|  |TAMS 0x000000008f000000, 0x000000008f000000| Untracked 
|  53|0x000000008f400000, 0x000000008f400000, 0x000000008f800000|  0%| F|  |TAMS 0x000000008f400000, 0x000000008f400000| Untracked 
|  54|0x000000008f800000, 0x000000008f800000, 0x000000008fc00000|  0%| F|  |TAMS 0x000000008f800000, 0x000000008f800000| Untracked 
|  55|0x000000008fc00000, 0x000000008fc00000, 0x0000000090000000|  0%| F|  |TAMS 0x000000008fc00000, 0x000000008fc00000| Untracked 
|  56|0x0000000090000000, 0x0000000090000000, 0x0000000090400000|  0%| F|  |TAMS 0x0000000090000000, 0x0000000090000000| Untracked 
|  57|0x0000000090400000, 0x0000000090400000, 0x0000000090800000|  0%| F|  |TAMS 0x0000000090400000, 0x0000000090400000| Untracked 
|  58|0x0000000090800000, 0x0000000090800000, 0x0000000090c00000|  0%| F|  |TAMS 0x0000000090800000, 0x0000000090800000| Untracked 
|  59|0x0000000090c00000, 0x0000000090c00000, 0x0000000091000000|  0%| F|  |TAMS 0x0000000090c00000, 0x0000000090c00000| Untracked 
|  60|0x0000000091000000, 0x0000000091000000, 0x0000000091400000|  0%| F|  |TAMS 0x0000000091000000, 0x0000000091000000| Untracked 
|  61|0x0000000091400000, 0x0000000091400000, 0x0000000091800000|  0%| F|  |TAMS 0x0000000091400000, 0x0000000091400000| Untracked 
|  62|0x0000000091800000, 0x0000000091800000, 0x0000000091c00000|  0%| F|  |TAMS 0x0000000091800000, 0x0000000091800000| Untracked 
|  63|0x0000000091c00000, 0x0000000091c00000, 0x0000000092000000|  0%| F|  |TAMS 0x0000000091c00000, 0x0000000091c00000| Untracked 
|  64|0x0000000092000000, 0x0000000092000000, 0x0000000092400000|  0%| F|  |TAMS 0x0000000092000000, 0x0000000092000000| Untracked 
|  65|0x0000000092400000, 0x0000000092400000, 0x0000000092800000|  0%| F|  |TAMS 0x0000000092400000, 0x0000000092400000| Untracked 
|  66|0x0000000092800000, 0x0000000092800000, 0x0000000092c00000|  0%| F|  |TAMS 0x0000000092800000, 0x0000000092800000| Untracked 
|  67|0x0000000092c00000, 0x0000000092c00000, 0x0000000093000000|  0%| F|  |TAMS 0x0000000092c00000, 0x0000000092c00000| Untracked 
|  68|0x0000000093000000, 0x0000000093000000, 0x0000000093400000|  0%| F|  |TAMS 0x0000000093000000, 0x0000000093000000| Untracked 
|  69|0x0000000093400000, 0x0000000093400000, 0x0000000093800000|  0%| F|  |TAMS 0x0000000093400000, 0x0000000093400000| Untracked 
|  70|0x0000000093800000, 0x0000000093800000, 0x0000000093c00000|  0%| F|  |TAMS 0x0000000093800000, 0x0000000093800000| Untracked 
|  71|0x0000000093c00000, 0x0000000093c00000, 0x0000000094000000|  0%| F|  |TAMS 0x0000000093c00000, 0x0000000093c00000| Untracked 
|  72|0x0000000094000000, 0x0000000094000000, 0x0000000094400000|  0%| F|  |TAMS 0x0000000094000000, 0x0000000094000000| Untracked 
|  73|0x0000000094400000, 0x0000000094400000, 0x0000000094800000|  0%| F|  |TAMS 0x0000000094400000, 0x0000000094400000| Untracked 
|  74|0x0000000094800000, 0x0000000094800000, 0x0000000094c00000|  0%| F|  |TAMS 0x0000000094800000, 0x0000000094800000| Untracked 
|  75|0x0000000094c00000, 0x0000000094c00000, 0x0000000095000000|  0%| F|  |TAMS 0x0000000094c00000, 0x0000000094c00000| Untracked 
|  76|0x0000000095000000, 0x0000000095000000, 0x0000000095400000|  0%| F|  |TAMS 0x0000000095000000, 0x0000000095000000| Untracked 
|  77|0x0000000095400000, 0x0000000095400000, 0x0000000095800000|  0%| F|  |TAMS 0x0000000095400000, 0x0000000095400000| Untracked 
|  78|0x0000000095800000, 0x0000000095800000, 0x0000000095c00000|  0%| F|  |TAMS 0x0000000095800000, 0x0000000095800000| Untracked 
|  79|0x0000000095c00000, 0x0000000095c00000, 0x0000000096000000|  0%| F|  |TAMS 0x0000000095c00000, 0x0000000095c00000| Untracked 
|  80|0x0000000096000000, 0x0000000096000000, 0x0000000096400000|  0%| F|  |TAMS 0x0000000096000000, 0x0000000096000000| Untracked 
|  81|0x0000000096400000, 0x0000000096400000, 0x0000000096800000|  0%| F|  |TAMS 0x0000000096400000, 0x0000000096400000| Untracked 
|  82|0x0000000096800000, 0x0000000096800000, 0x0000000096c00000|  0%| F|  |TAMS 0x0000000096800000, 0x0000000096800000| Untracked 
|  83|0x0000000096c00000, 0x0000000096c00000, 0x0000000097000000|  0%| F|  |TAMS 0x0000000096c00000, 0x0000000096c00000| Untracked 
|  84|0x0000000097000000, 0x0000000097000000, 0x0000000097400000|  0%| F|  |TAMS 0x0000000097000000, 0x0000000097000000| Untracked 
|  85|0x0000000097400000, 0x0000000097400000, 0x0000000097800000|  0%| F|  |TAMS 0x0000000097400000, 0x0000000097400000| Untracked 
|  86|0x0000000097800000, 0x0000000097800000, 0x0000000097c00000|  0%| F|  |TAMS 0x0000000097800000, 0x0000000097800000| Untracked 
|  87|0x0000000097c00000, 0x0000000097c00000, 0x0000000098000000|  0%| F|  |TAMS 0x0000000097c00000, 0x0000000097c00000| Untracked 
|  88|0x0000000098000000, 0x0000000098000000, 0x0000000098400000|  0%| F|  |TAMS 0x0000000098000000, 0x0000000098000000| Untracked 
|  89|0x0000000098400000, 0x0000000098400000, 0x0000000098800000|  0%| F|  |TAMS 0x0000000098400000, 0x0000000098400000| Untracked 
|  90|0x0000000098800000, 0x0000000098800000, 0x0000000098c00000|  0%| F|  |TAMS 0x0000000098800000, 0x0000000098800000| Untracked 
|  91|0x0000000098c00000, 0x0000000098c00000, 0x0000000099000000|  0%| F|  |TAMS 0x0000000098c00000, 0x0000000098c00000| Untracked 
|  92|0x0000000099000000, 0x0000000099000000, 0x0000000099400000|  0%| F|  |TAMS 0x0000000099000000, 0x0000000099000000| Untracked 
|  93|0x0000000099400000, 0x0000000099400000, 0x0000000099800000|  0%| F|  |TAMS 0x0000000099400000, 0x0000000099400000| Untracked 
|  94|0x0000000099800000, 0x0000000099800000, 0x0000000099c00000|  0%| F|  |TAMS 0x0000000099800000, 0x0000000099800000| Untracked 
|  95|0x0000000099c00000, 0x0000000099c00000, 0x000000009a000000|  0%| F|  |TAMS 0x0000000099c00000, 0x0000000099c00000| Untracked 
|  96|0x000000009a000000, 0x000000009a000000, 0x000000009a400000|  0%| F|  |TAMS 0x000000009a000000, 0x000000009a000000| Untracked 
|  97|0x000000009a400000, 0x000000009a400000, 0x000000009a800000|  0%| F|  |TAMS 0x000000009a400000, 0x000000009a400000| Untracked 
|  98|0x000000009a800000, 0x000000009a800000, 0x000000009ac00000|  0%| F|  |TAMS 0x000000009a800000, 0x000000009a800000| Untracked 
|  99|0x000000009ac00000, 0x000000009ac00000, 0x000000009b000000|  0%| F|  |TAMS 0x000000009ac00000, 0x000000009ac00000| Untracked 
| 100|0x000000009b000000, 0x000000009b000000, 0x000000009b400000|  0%| F|  |TAMS 0x000000009b000000, 0x000000009b000000| Untracked 
| 101|0x000000009b400000, 0x000000009b400000, 0x000000009b800000|  0%| F|  |TAMS 0x000000009b400000, 0x000000009b400000| Untracked 
| 102|0x000000009b800000, 0x000000009b800000, 0x000000009bc00000|  0%| F|  |TAMS 0x000000009b800000, 0x000000009b800000| Untracked 
| 103|0x000000009bc00000, 0x000000009bc00000, 0x000000009c000000|  0%| F|  |TAMS 0x000000009bc00000, 0x000000009bc00000| Untracked 
| 104|0x000000009c000000, 0x000000009c000000, 0x000000009c400000|  0%| F|  |TAMS 0x000000009c000000, 0x000000009c000000| Untracked 
| 105|0x000000009c400000, 0x000000009c400000, 0x000000009c800000|  0%| F|  |TAMS 0x000000009c400000, 0x000000009c400000| Untracked 
| 106|0x000000009c800000, 0x000000009c800000, 0x000000009cc00000|  0%| F|  |TAMS 0x000000009c800000, 0x000000009c800000| Untracked 
| 107|0x000000009cc00000, 0x000000009cc00000, 0x000000009d000000|  0%| F|  |TAMS 0x000000009cc00000, 0x000000009cc00000| Untracked 
| 108|0x000000009d000000, 0x000000009d000000, 0x000000009d400000|  0%| F|  |TAMS 0x000000009d000000, 0x000000009d000000| Untracked 
| 109|0x000000009d400000, 0x000000009d400000, 0x000000009d800000|  0%| F|  |TAMS 0x000000009d400000, 0x000000009d400000| Untracked 
| 110|0x000000009d800000, 0x000000009d800000, 0x000000009dc00000|  0%| F|  |TAMS 0x000000009d800000, 0x000000009d800000| Untracked 
| 111|0x000000009dc00000, 0x000000009dc00000, 0x000000009e000000|  0%| F|  |TAMS 0x000000009dc00000, 0x000000009dc00000| Untracked 
| 112|0x000000009e000000, 0x000000009e000000, 0x000000009e400000|  0%| F|  |TAMS 0x000000009e000000, 0x000000009e000000| Untracked 
| 113|0x000000009e400000, 0x000000009e400000, 0x000000009e800000|  0%| F|  |TAMS 0x000000009e400000, 0x000000009e400000| Untracked 
| 114|0x000000009e800000, 0x000000009e800000, 0x000000009ec00000|  0%| F|  |TAMS 0x000000009e800000, 0x000000009e800000| Untracked 
| 115|0x000000009ec00000, 0x000000009ec00000, 0x000000009f000000|  0%| F|  |TAMS 0x000000009ec00000, 0x000000009ec00000| Untracked 
| 116|0x000000009f000000, 0x000000009f000000, 0x000000009f400000|  0%| F|  |TAMS 0x000000009f000000, 0x000000009f000000| Untracked 
| 117|0x000000009f400000, 0x000000009f400000, 0x000000009f800000|  0%| F|  |TAMS 0x000000009f400000, 0x000000009f400000| Untracked 
| 118|0x000000009f800000, 0x000000009f800000, 0x000000009fc00000|  0%| F|  |TAMS 0x000000009f800000, 0x000000009f800000| Untracked 
| 119|0x000000009fc00000, 0x000000009fc00000, 0x00000000a0000000|  0%| F|  |TAMS 0x000000009fc00000, 0x000000009fc00000| Untracked 
| 120|0x00000000a0000000, 0x00000000a0000000, 0x00000000a0400000|  0%| F|  |TAMS 0x00000000a0000000, 0x00000000a0000000| Untracked 
| 121|0x00000000a0400000, 0x00000000a0400000, 0x00000000a0800000|  0%| F|  |TAMS 0x00000000a0400000, 0x00000000a0400000| Untracked 
| 122|0x00000000a0800000, 0x00000000a0800000, 0x00000000a0c00000|  0%| F|  |TAMS 0x00000000a0800000, 0x00000000a0800000| Untracked 
| 123|0x00000000a0c00000, 0x00000000a0c00000, 0x00000000a1000000|  0%| F|  |TAMS 0x00000000a0c00000, 0x00000000a0c00000| Untracked 
| 124|0x00000000a1000000, 0x00000000a1000000, 0x00000000a1400000|  0%| F|  |TAMS 0x00000000a1000000, 0x00000000a1000000| Untracked 
| 125|0x00000000a1400000, 0x00000000a1400000, 0x00000000a1800000|  0%| F|  |TAMS 0x00000000a1400000, 0x00000000a1400000| Untracked 
| 126|0x00000000a1800000, 0x00000000a1800000, 0x00000000a1c00000|  0%| F|  |TAMS 0x00000000a1800000, 0x00000000a1800000| Untracked 
| 127|0x00000000a1c00000, 0x00000000a1c00000, 0x00000000a2000000|  0%| F|  |TAMS 0x00000000a1c00000, 0x00000000a1c00000| Untracked 
| 128|0x00000000a2000000, 0x00000000a2000000, 0x00000000a2400000|  0%| F|  |TAMS 0x00000000a2000000, 0x00000000a2000000| Untracked 
| 129|0x00000000a2400000, 0x00000000a2400000, 0x00000000a2800000|  0%| F|  |TAMS 0x00000000a2400000, 0x00000000a2400000| Untracked 
| 130|0x00000000a2800000, 0x00000000a2800000, 0x00000000a2c00000|  0%| F|  |TAMS 0x00000000a2800000, 0x00000000a2800000| Untracked 
| 131|0x00000000a2c00000, 0x00000000a2c00000, 0x00000000a3000000|  0%| F|  |TAMS 0x00000000a2c00000, 0x00000000a2c00000| Untracked 
| 132|0x00000000a3000000, 0x00000000a3000000, 0x00000000a3400000|  0%| F|  |TAMS 0x00000000a3000000, 0x00000000a3000000| Untracked 
| 133|0x00000000a3400000, 0x00000000a3400000, 0x00000000a3800000|  0%| F|  |TAMS 0x00000000a3400000, 0x00000000a3400000| Untracked 
| 134|0x00000000a3800000, 0x00000000a3800000, 0x00000000a3c00000|  0%| F|  |TAMS 0x00000000a3800000, 0x00000000a3800000| Untracked 
| 135|0x00000000a3c00000, 0x00000000a3c00000, 0x00000000a4000000|  0%| F|  |TAMS 0x00000000a3c00000, 0x00000000a3c00000| Untracked 
| 136|0x00000000a4000000, 0x00000000a4000000, 0x00000000a4400000|  0%| F|  |TAMS 0x00000000a4000000, 0x00000000a4000000| Untracked 
| 137|0x00000000a4400000, 0x00000000a4400000, 0x00000000a4800000|  0%| F|  |TAMS 0x00000000a4400000, 0x00000000a4400000| Untracked 
| 138|0x00000000a4800000, 0x00000000a4800000, 0x00000000a4c00000|  0%| F|  |TAMS 0x00000000a4800000, 0x00000000a4800000| Untracked 
| 139|0x00000000a4c00000, 0x00000000a4c00000, 0x00000000a5000000|  0%| F|  |TAMS 0x00000000a4c00000, 0x00000000a4c00000| Untracked 
| 140|0x00000000a5000000, 0x00000000a5000000, 0x00000000a5400000|  0%| F|  |TAMS 0x00000000a5000000, 0x00000000a5000000| Untracked 
| 141|0x00000000a5400000, 0x00000000a5400000, 0x00000000a5800000|  0%| F|  |TAMS 0x00000000a5400000, 0x00000000a5400000| Untracked 
| 142|0x00000000a5800000, 0x00000000a5800000, 0x00000000a5c00000|  0%| F|  |TAMS 0x00000000a5800000, 0x00000000a5800000| Untracked 
| 143|0x00000000a5c00000, 0x00000000a5c00000, 0x00000000a6000000|  0%| F|  |TAMS 0x00000000a5c00000, 0x00000000a5c00000| Untracked 
| 144|0x00000000a6000000, 0x00000000a6000000, 0x00000000a6400000|  0%| F|  |TAMS 0x00000000a6000000, 0x00000000a6000000| Untracked 
| 145|0x00000000a6400000, 0x00000000a6400000, 0x00000000a6800000|  0%| F|  |TAMS 0x00000000a6400000, 0x00000000a6400000| Untracked 
| 146|0x00000000a6800000, 0x00000000a6800000, 0x00000000a6c00000|  0%| F|  |TAMS 0x00000000a6800000, 0x00000000a6800000| Untracked 
| 147|0x00000000a6c00000, 0x00000000a6c00000, 0x00000000a7000000|  0%| F|  |TAMS 0x00000000a6c00000, 0x00000000a6c00000| Untracked 
| 148|0x00000000a7000000, 0x00000000a7000000, 0x00000000a7400000|  0%| F|  |TAMS 0x00000000a7000000, 0x00000000a7000000| Untracked 
| 149|0x00000000a7400000, 0x00000000a7400000, 0x00000000a7800000|  0%| F|  |TAMS 0x00000000a7400000, 0x00000000a7400000| Untracked 
| 150|0x00000000a7800000, 0x00000000a7800000, 0x00000000a7c00000|  0%| F|  |TAMS 0x00000000a7800000, 0x00000000a7800000| Untracked 
| 151|0x00000000a7c00000, 0x00000000a7c00000, 0x00000000a8000000|  0%| F|  |TAMS 0x00000000a7c00000, 0x00000000a7c00000| Untracked 
| 152|0x00000000a8000000, 0x00000000a8000000, 0x00000000a8400000|  0%| F|  |TAMS 0x00000000a8000000, 0x00000000a8000000| Untracked 
| 153|0x00000000a8400000, 0x00000000a8400000, 0x00000000a8800000|  0%| F|  |TAMS 0x00000000a8400000, 0x00000000a8400000| Untracked 
| 154|0x00000000a8800000, 0x00000000a8800000, 0x00000000a8c00000|  0%| F|  |TAMS 0x00000000a8800000, 0x00000000a8800000| Untracked 
| 155|0x00000000a8c00000, 0x00000000a8c00000, 0x00000000a9000000|  0%| F|  |TAMS 0x00000000a8c00000, 0x00000000a8c00000| Untracked 
| 156|0x00000000a9000000, 0x00000000a9000000, 0x00000000a9400000|  0%| F|  |TAMS 0x00000000a9000000, 0x00000000a9000000| Untracked 
| 157|0x00000000a9400000, 0x00000000a9400000, 0x00000000a9800000|  0%| F|  |TAMS 0x00000000a9400000, 0x00000000a9400000| Untracked 
| 158|0x00000000a9800000, 0x00000000a9800000, 0x00000000a9c00000|  0%| F|  |TAMS 0x00000000a9800000, 0x00000000a9800000| Untracked 
| 159|0x00000000a9c00000, 0x00000000a9c00000, 0x00000000aa000000|  0%| F|  |TAMS 0x00000000a9c00000, 0x00000000a9c00000| Untracked 
| 160|0x00000000aa000000, 0x00000000aa000000, 0x00000000aa400000|  0%| F|  |TAMS 0x00000000aa000000, 0x00000000aa000000| Untracked 
| 161|0x00000000aa400000, 0x00000000aa400000, 0x00000000aa800000|  0%| F|  |TAMS 0x00000000aa400000, 0x00000000aa400000| Untracked 
| 162|0x00000000aa800000, 0x00000000aa800000, 0x00000000aac00000|  0%| F|  |TAMS 0x00000000aa800000, 0x00000000aa800000| Untracked 
| 163|0x00000000aac00000, 0x00000000aac00000, 0x00000000ab000000|  0%| F|  |TAMS 0x00000000aac00000, 0x00000000aac00000| Untracked 
| 164|0x00000000ab000000, 0x00000000ab000000, 0x00000000ab400000|  0%| F|  |TAMS 0x00000000ab000000, 0x00000000ab000000| Untracked 
| 165|0x00000000ab400000, 0x00000000ab400000, 0x00000000ab800000|  0%| F|  |TAMS 0x00000000ab400000, 0x00000000ab400000| Untracked 
| 166|0x00000000ab800000, 0x00000000ab800000, 0x00000000abc00000|  0%| F|  |TAMS 0x00000000ab800000, 0x00000000ab800000| Untracked 
| 167|0x00000000abc00000, 0x00000000abc00000, 0x00000000ac000000|  0%| F|  |TAMS 0x00000000abc00000, 0x00000000abc00000| Untracked 
| 168|0x00000000ac000000, 0x00000000ac000000, 0x00000000ac400000|  0%| F|  |TAMS 0x00000000ac000000, 0x00000000ac000000| Untracked 
| 169|0x00000000ac400000, 0x00000000ac400000, 0x00000000ac800000|  0%| F|  |TAMS 0x00000000ac400000, 0x00000000ac400000| Untracked 
| 170|0x00000000ac800000, 0x00000000ac800000, 0x00000000acc00000|  0%| F|  |TAMS 0x00000000ac800000, 0x00000000ac800000| Untracked 
| 171|0x00000000acc00000, 0x00000000acc00000, 0x00000000ad000000|  0%| F|  |TAMS 0x00000000acc00000, 0x00000000acc00000| Untracked 
| 172|0x00000000ad000000, 0x00000000ad000000, 0x00000000ad400000|  0%| F|  |TAMS 0x00000000ad000000, 0x00000000ad000000| Untracked 
| 173|0x00000000ad400000, 0x00000000ad400000, 0x00000000ad800000|  0%| F|  |TAMS 0x00000000ad400000, 0x00000000ad400000| Untracked 
| 174|0x00000000ad800000, 0x00000000ad800000, 0x00000000adc00000|  0%| F|  |TAMS 0x00000000ad800000, 0x00000000ad800000| Untracked 
| 175|0x00000000adc00000, 0x00000000adc00000, 0x00000000ae000000|  0%| F|  |TAMS 0x00000000adc00000, 0x00000000adc00000| Untracked 
| 176|0x00000000ae000000, 0x00000000ae000000, 0x00000000ae400000|  0%| F|  |TAMS 0x00000000ae000000, 0x00000000ae000000| Untracked 
| 177|0x00000000ae400000, 0x00000000ae400000, 0x00000000ae800000|  0%| F|  |TAMS 0x00000000ae400000, 0x00000000ae400000| Untracked 
| 178|0x00000000ae800000, 0x00000000ae800000, 0x00000000aec00000|  0%| F|  |TAMS 0x00000000ae800000, 0x00000000ae800000| Untracked 
| 179|0x00000000aec00000, 0x00000000aec00000, 0x00000000af000000|  0%| F|  |TAMS 0x00000000aec00000, 0x00000000aec00000| Untracked 
| 180|0x00000000af000000, 0x00000000af000000, 0x00000000af400000|  0%| F|  |TAMS 0x00000000af000000, 0x00000000af000000| Untracked 
| 181|0x00000000af400000, 0x00000000af400000, 0x00000000af800000|  0%| F|  |TAMS 0x00000000af400000, 0x00000000af400000| Untracked 
| 182|0x00000000af800000, 0x00000000af800000, 0x00000000afc00000|  0%| F|  |TAMS 0x00000000af800000, 0x00000000af800000| Untracked 
| 183|0x00000000afc00000, 0x00000000afc00000, 0x00000000b0000000|  0%| F|  |TAMS 0x00000000afc00000, 0x00000000afc00000| Untracked 
| 184|0x00000000b0000000, 0x00000000b0000000, 0x00000000b0400000|  0%| F|  |TAMS 0x00000000b0000000, 0x00000000b0000000| Untracked 
| 185|0x00000000b0400000, 0x00000000b0400000, 0x00000000b0800000|  0%| F|  |TAMS 0x00000000b0400000, 0x00000000b0400000| Untracked 
| 186|0x00000000b0800000, 0x00000000b0800000, 0x00000000b0c00000|  0%| F|  |TAMS 0x00000000b0800000, 0x00000000b0800000| Untracked 
| 187|0x00000000b0c00000, 0x00000000b0c00000, 0x00000000b1000000|  0%| F|  |TAMS 0x00000000b0c00000, 0x00000000b0c00000| Untracked 
| 188|0x00000000b1000000, 0x00000000b1000000, 0x00000000b1400000|  0%| F|  |TAMS 0x00000000b1000000, 0x00000000b1000000| Untracked 
| 189|0x00000000b1400000, 0x00000000b1400000, 0x00000000b1800000|  0%| F|  |TAMS 0x00000000b1400000, 0x00000000b1400000| Untracked 
| 190|0x00000000b1800000, 0x00000000b1800000, 0x00000000b1c00000|  0%| F|  |TAMS 0x00000000b1800000, 0x00000000b1800000| Untracked 
| 191|0x00000000b1c00000, 0x00000000b1c00000, 0x00000000b2000000|  0%| F|  |TAMS 0x00000000b1c00000, 0x00000000b1c00000| Untracked 
| 192|0x00000000b2000000, 0x00000000b2000000, 0x00000000b2400000|  0%| F|  |TAMS 0x00000000b2000000, 0x00000000b2000000| Untracked 
| 193|0x00000000b2400000, 0x00000000b2400000, 0x00000000b2800000|  0%| F|  |TAMS 0x00000000b2400000, 0x00000000b2400000| Untracked 
| 194|0x00000000b2800000, 0x00000000b2800000, 0x00000000b2c00000|  0%| F|  |TAMS 0x00000000b2800000, 0x00000000b2800000| Untracked 
| 195|0x00000000b2c00000, 0x00000000b2c00000, 0x00000000b3000000|  0%| F|  |TAMS 0x00000000b2c00000, 0x00000000b2c00000| Untracked 
| 196|0x00000000b3000000, 0x00000000b3000000, 0x00000000b3400000|  0%| F|  |TAMS 0x00000000b3000000, 0x00000000b3000000| Untracked 
| 197|0x00000000b3400000, 0x00000000b3400000, 0x00000000b3800000|  0%| F|  |TAMS 0x00000000b3400000, 0x00000000b3400000| Untracked 
| 198|0x00000000b3800000, 0x00000000b3800000, 0x00000000b3c00000|  0%| F|  |TAMS 0x00000000b3800000, 0x00000000b3800000| Untracked 
| 199|0x00000000b3c00000, 0x00000000b3c00000, 0x00000000b4000000|  0%| F|  |TAMS 0x00000000b3c00000, 0x00000000b3c00000| Untracked 
| 200|0x00000000b4000000, 0x00000000b4000000, 0x00000000b4400000|  0%| F|  |TAMS 0x00000000b4000000, 0x00000000b4000000| Untracked 
| 201|0x00000000b4400000, 0x00000000b4400000, 0x00000000b4800000|  0%| F|  |TAMS 0x00000000b4400000, 0x00000000b4400000| Untracked 
| 202|0x00000000b4800000, 0x00000000b4800000, 0x00000000b4c00000|  0%| F|  |TAMS 0x00000000b4800000, 0x00000000b4800000| Untracked 
| 203|0x00000000b4c00000, 0x00000000b4c00000, 0x00000000b5000000|  0%| F|  |TAMS 0x00000000b4c00000, 0x00000000b4c00000| Untracked 
| 204|0x00000000b5000000, 0x00000000b5000000, 0x00000000b5400000|  0%| F|  |TAMS 0x00000000b5000000, 0x00000000b5000000| Untracked 
| 205|0x00000000b5400000, 0x00000000b5400000, 0x00000000b5800000|  0%| F|  |TAMS 0x00000000b5400000, 0x00000000b5400000| Untracked 
| 206|0x00000000b5800000, 0x00000000b5800000, 0x00000000b5c00000|  0%| F|  |TAMS 0x00000000b5800000, 0x00000000b5800000| Untracked 
| 207|0x00000000b5c00000, 0x00000000b5c00000, 0x00000000b6000000|  0%| F|  |TAMS 0x00000000b5c00000, 0x00000000b5c00000| Untracked 
| 208|0x00000000b6000000, 0x00000000b6000000, 0x00000000b6400000|  0%| F|  |TAMS 0x00000000b6000000, 0x00000000b6000000| Untracked 
| 209|0x00000000b6400000, 0x00000000b6400000, 0x00000000b6800000|  0%| F|  |TAMS 0x00000000b6400000, 0x00000000b6400000| Untracked 
| 210|0x00000000b6800000, 0x00000000b6800000, 0x00000000b6c00000|  0%| F|  |TAMS 0x00000000b6800000, 0x00000000b6800000| Untracked 
| 211|0x00000000b6c00000, 0x00000000b6c00000, 0x00000000b7000000|  0%| F|  |TAMS 0x00000000b6c00000, 0x00000000b6c00000| Untracked 
| 212|0x00000000b7000000, 0x00000000b7000000, 0x00000000b7400000|  0%| F|  |TAMS 0x00000000b7000000, 0x00000000b7000000| Untracked 
| 213|0x00000000b7400000, 0x00000000b7400000, 0x00000000b7800000|  0%| F|  |TAMS 0x00000000b7400000, 0x00000000b7400000| Untracked 
| 214|0x00000000b7800000, 0x00000000b7800000, 0x00000000b7c00000|  0%| F|  |TAMS 0x00000000b7800000, 0x00000000b7800000| Untracked 
| 215|0x00000000b7c00000, 0x00000000b7c00000, 0x00000000b8000000|  0%| F|  |TAMS 0x00000000b7c00000, 0x00000000b7c00000| Untracked 
| 216|0x00000000b8000000, 0x00000000b8000000, 0x00000000b8400000|  0%| F|  |TAMS 0x00000000b8000000, 0x00000000b8000000| Untracked 
| 217|0x00000000b8400000, 0x00000000b8400000, 0x00000000b8800000|  0%| F|  |TAMS 0x00000000b8400000, 0x00000000b8400000| Untracked 
| 218|0x00000000b8800000, 0x00000000b8800000, 0x00000000b8c00000|  0%| F|  |TAMS 0x00000000b8800000, 0x00000000b8800000| Untracked 
| 219|0x00000000b8c00000, 0x00000000b8c00000, 0x00000000b9000000|  0%| F|  |TAMS 0x00000000b8c00000, 0x00000000b8c00000| Untracked 
| 220|0x00000000b9000000, 0x00000000b9000000, 0x00000000b9400000|  0%| F|  |TAMS 0x00000000b9000000, 0x00000000b9000000| Untracked 
| 221|0x00000000b9400000, 0x00000000b9400000, 0x00000000b9800000|  0%| F|  |TAMS 0x00000000b9400000, 0x00000000b9400000| Untracked 
| 222|0x00000000b9800000, 0x00000000b9800000, 0x00000000b9c00000|  0%| F|  |TAMS 0x00000000b9800000, 0x00000000b9800000| Untracked 
| 223|0x00000000b9c00000, 0x00000000b9c00000, 0x00000000ba000000|  0%| F|  |TAMS 0x00000000b9c00000, 0x00000000b9c00000| Untracked 
| 224|0x00000000ba000000, 0x00000000ba000000, 0x00000000ba400000|  0%| F|  |TAMS 0x00000000ba000000, 0x00000000ba000000| Untracked 
| 225|0x00000000ba400000, 0x00000000ba400000, 0x00000000ba800000|  0%| F|  |TAMS 0x00000000ba400000, 0x00000000ba400000| Untracked 
| 226|0x00000000ba800000, 0x00000000ba800000, 0x00000000bac00000|  0%| F|  |TAMS 0x00000000ba800000, 0x00000000ba800000| Untracked 
| 227|0x00000000bac00000, 0x00000000bac00000, 0x00000000bb000000|  0%| F|  |TAMS 0x00000000bac00000, 0x00000000bac00000| Untracked 
| 228|0x00000000bb000000, 0x00000000bb000000, 0x00000000bb400000|  0%| F|  |TAMS 0x00000000bb000000, 0x00000000bb000000| Untracked 
| 229|0x00000000bb400000, 0x00000000bb400000, 0x00000000bb800000|  0%| F|  |TAMS 0x00000000bb400000, 0x00000000bb400000| Untracked 
| 230|0x00000000bb800000, 0x00000000bb800000, 0x00000000bbc00000|  0%| F|  |TAMS 0x00000000bb800000, 0x00000000bb800000| Untracked 
| 231|0x00000000bbc00000, 0x00000000bbc00000, 0x00000000bc000000|  0%| F|  |TAMS 0x00000000bbc00000, 0x00000000bbc00000| Untracked 
| 232|0x00000000bc000000, 0x00000000bc000000, 0x00000000bc400000|  0%| F|  |TAMS 0x00000000bc000000, 0x00000000bc000000| Untracked 
| 233|0x00000000bc400000, 0x00000000bc400000, 0x00000000bc800000|  0%| F|  |TAMS 0x00000000bc400000, 0x00000000bc400000| Untracked 
| 234|0x00000000bc800000, 0x00000000bc800000, 0x00000000bcc00000|  0%| F|  |TAMS 0x00000000bc800000, 0x00000000bc800000| Untracked 
| 235|0x00000000bcc00000, 0x00000000bcc00000, 0x00000000bd000000|  0%| F|  |TAMS 0x00000000bcc00000, 0x00000000bcc00000| Untracked 
| 236|0x00000000bd000000, 0x00000000bd000000, 0x00000000bd400000|  0%| F|  |TAMS 0x00000000bd000000, 0x00000000bd000000| Untracked 
| 237|0x00000000bd400000, 0x00000000bd400000, 0x00000000bd800000|  0%| F|  |TAMS 0x00000000bd400000, 0x00000000bd400000| Untracked 
| 238|0x00000000bd800000, 0x00000000bd800000, 0x00000000bdc00000|  0%| F|  |TAMS 0x00000000bd800000, 0x00000000bd800000| Untracked 
| 239|0x00000000bdc00000, 0x00000000bdc00000, 0x00000000be000000|  0%| F|  |TAMS 0x00000000bdc00000, 0x00000000bdc00000| Untracked 
| 240|0x00000000be000000, 0x00000000be000000, 0x00000000be400000|  0%| F|  |TAMS 0x00000000be000000, 0x00000000be000000| Untracked 
| 241|0x00000000be400000, 0x00000000be400000, 0x00000000be800000|  0%| F|  |TAMS 0x00000000be400000, 0x00000000be400000| Untracked 
| 242|0x00000000be800000, 0x00000000be800000, 0x00000000bec00000|  0%| F|  |TAMS 0x00000000be800000, 0x00000000be800000| Untracked 
| 243|0x00000000bec00000, 0x00000000bec00000, 0x00000000bf000000|  0%| F|  |TAMS 0x00000000bec00000, 0x00000000bec00000| Untracked 
| 244|0x00000000bf000000, 0x00000000bf000000, 0x00000000bf400000|  0%| F|  |TAMS 0x00000000bf000000, 0x00000000bf000000| Untracked 
| 245|0x00000000bf400000, 0x00000000bf400000, 0x00000000bf800000|  0%| F|  |TAMS 0x00000000bf400000, 0x00000000bf400000| Untracked 
| 246|0x00000000bf800000, 0x00000000bf800000, 0x00000000bfc00000|  0%| F|  |TAMS 0x00000000bf800000, 0x00000000bf800000| Untracked 
| 247|0x00000000bfc00000, 0x00000000bfc00000, 0x00000000c0000000|  0%| F|  |TAMS 0x00000000bfc00000, 0x00000000bfc00000| Untracked 
| 248|0x00000000c0000000, 0x00000000c0000000, 0x00000000c0400000|  0%| F|  |TAMS 0x00000000c0000000, 0x00000000c0000000| Untracked 
| 249|0x00000000c0400000, 0x00000000c0400000, 0x00000000c0800000|  0%| F|  |TAMS 0x00000000c0400000, 0x00000000c0400000| Untracked 
| 250|0x00000000c0800000, 0x00000000c0800000, 0x00000000c0c00000|  0%| F|  |TAMS 0x00000000c0800000, 0x00000000c0800000| Untracked 
| 251|0x00000000c0c00000, 0x00000000c0c00000, 0x00000000c1000000|  0%| F|  |TAMS 0x00000000c0c00000, 0x00000000c0c00000| Untracked 
| 252|0x00000000c1000000, 0x00000000c1000000, 0x00000000c1400000|  0%| F|  |TAMS 0x00000000c1000000, 0x00000000c1000000| Untracked 
| 253|0x00000000c1400000, 0x00000000c1400000, 0x00000000c1800000|  0%| F|  |TAMS 0x00000000c1400000, 0x00000000c1400000| Untracked 
| 254|0x00000000c1800000, 0x00000000c1800000, 0x00000000c1c00000|  0%| F|  |TAMS 0x00000000c1800000, 0x00000000c1800000| Untracked 
| 255|0x00000000c1c00000, 0x00000000c1c00000, 0x00000000c2000000|  0%| F|  |TAMS 0x00000000c1c00000, 0x00000000c1c00000| Untracked 
| 256|0x00000000c2000000, 0x00000000c2000000, 0x00000000c2400000|  0%| F|  |TAMS 0x00000000c2000000, 0x00000000c2000000| Untracked 
| 257|0x00000000c2400000, 0x00000000c2400000, 0x00000000c2800000|  0%| F|  |TAMS 0x00000000c2400000, 0x00000000c2400000| Untracked 
| 258|0x00000000c2800000, 0x00000000c2800000, 0x00000000c2c00000|  0%| F|  |TAMS 0x00000000c2800000, 0x00000000c2800000| Untracked 
| 259|0x00000000c2c00000, 0x00000000c2c00000, 0x00000000c3000000|  0%| F|  |TAMS 0x00000000c2c00000, 0x00000000c2c00000| Untracked 
| 260|0x00000000c3000000, 0x00000000c3000000, 0x00000000c3400000|  0%| F|  |TAMS 0x00000000c3000000, 0x00000000c3000000| Untracked 
| 261|0x00000000c3400000, 0x00000000c3400000, 0x00000000c3800000|  0%| F|  |TAMS 0x00000000c3400000, 0x00000000c3400000| Untracked 
| 262|0x00000000c3800000, 0x00000000c3800000, 0x00000000c3c00000|  0%| F|  |TAMS 0x00000000c3800000, 0x00000000c3800000| Untracked 
| 263|0x00000000c3c00000, 0x00000000c3c00000, 0x00000000c4000000|  0%| F|  |TAMS 0x00000000c3c00000, 0x00000000c3c00000| Untracked 
| 264|0x00000000c4000000, 0x00000000c4000000, 0x00000000c4400000|  0%| F|  |TAMS 0x00000000c4000000, 0x00000000c4000000| Untracked 
| 265|0x00000000c4400000, 0x00000000c4400000, 0x00000000c4800000|  0%| F|  |TAMS 0x00000000c4400000, 0x00000000c4400000| Untracked 
| 266|0x00000000c4800000, 0x00000000c4800000, 0x00000000c4c00000|  0%| F|  |TAMS 0x00000000c4800000, 0x00000000c4800000| Untracked 
| 267|0x00000000c4c00000, 0x00000000c4c00000, 0x00000000c5000000|  0%| F|  |TAMS 0x00000000c4c00000, 0x00000000c4c00000| Untracked 
| 268|0x00000000c5000000, 0x00000000c5000000, 0x00000000c5400000|  0%| F|  |TAMS 0x00000000c5000000, 0x00000000c5000000| Untracked 
| 269|0x00000000c5400000, 0x00000000c5400000, 0x00000000c5800000|  0%| F|  |TAMS 0x00000000c5400000, 0x00000000c5400000| Untracked 
| 270|0x00000000c5800000, 0x00000000c5800000, 0x00000000c5c00000|  0%| F|  |TAMS 0x00000000c5800000, 0x00000000c5800000| Untracked 
| 271|0x00000000c5c00000, 0x00000000c5c00000, 0x00000000c6000000|  0%| F|  |TAMS 0x00000000c5c00000, 0x00000000c5c00000| Untracked 
| 272|0x00000000c6000000, 0x00000000c6000000, 0x00000000c6400000|  0%| F|  |TAMS 0x00000000c6000000, 0x00000000c6000000| Untracked 
| 273|0x00000000c6400000, 0x00000000c6400000, 0x00000000c6800000|  0%| F|  |TAMS 0x00000000c6400000, 0x00000000c6400000| Untracked 
| 274|0x00000000c6800000, 0x00000000c6800000, 0x00000000c6c00000|  0%| F|  |TAMS 0x00000000c6800000, 0x00000000c6800000| Untracked 
| 275|0x00000000c6c00000, 0x00000000c6c00000, 0x00000000c7000000|  0%| F|  |TAMS 0x00000000c6c00000, 0x00000000c6c00000| Untracked 
| 276|0x00000000c7000000, 0x00000000c7000000, 0x00000000c7400000|  0%| F|  |TAMS 0x00000000c7000000, 0x00000000c7000000| Untracked 
| 277|0x00000000c7400000, 0x00000000c7400000, 0x00000000c7800000|  0%| F|  |TAMS 0x00000000c7400000, 0x00000000c7400000| Untracked 
| 278|0x00000000c7800000, 0x00000000c7800000, 0x00000000c7c00000|  0%| F|  |TAMS 0x00000000c7800000, 0x00000000c7800000| Untracked 
| 279|0x00000000c7c00000, 0x00000000c7c00000, 0x00000000c8000000|  0%| F|  |TAMS 0x00000000c7c00000, 0x00000000c7c00000| Untracked 
| 280|0x00000000c8000000, 0x00000000c8000000, 0x00000000c8400000|  0%| F|  |TAMS 0x00000000c8000000, 0x00000000c8000000| Untracked 
| 281|0x00000000c8400000, 0x00000000c8400000, 0x00000000c8800000|  0%| F|  |TAMS 0x00000000c8400000, 0x00000000c8400000| Untracked 
| 282|0x00000000c8800000, 0x00000000c8800000, 0x00000000c8c00000|  0%| F|  |TAMS 0x00000000c8800000, 0x00000000c8800000| Untracked 
| 283|0x00000000c8c00000, 0x00000000c8c00000, 0x00000000c9000000|  0%| F|  |TAMS 0x00000000c8c00000, 0x00000000c8c00000| Untracked 
| 284|0x00000000c9000000, 0x00000000c9000000, 0x00000000c9400000|  0%| F|  |TAMS 0x00000000c9000000, 0x00000000c9000000| Untracked 
| 285|0x00000000c9400000, 0x00000000c9400000, 0x00000000c9800000|  0%| F|  |TAMS 0x00000000c9400000, 0x00000000c9400000| Untracked 
| 286|0x00000000c9800000, 0x00000000c9800000, 0x00000000c9c00000|  0%| F|  |TAMS 0x00000000c9800000, 0x00000000c9800000| Untracked 
| 287|0x00000000c9c00000, 0x00000000c9c00000, 0x00000000ca000000|  0%| F|  |TAMS 0x00000000c9c00000, 0x00000000c9c00000| Untracked 
| 288|0x00000000ca000000, 0x00000000ca000000, 0x00000000ca400000|  0%| F|  |TAMS 0x00000000ca000000, 0x00000000ca000000| Untracked 
| 289|0x00000000ca400000, 0x00000000ca400000, 0x00000000ca800000|  0%| F|  |TAMS 0x00000000ca400000, 0x00000000ca400000| Untracked 
| 290|0x00000000ca800000, 0x00000000ca800000, 0x00000000cac00000|  0%| F|  |TAMS 0x00000000ca800000, 0x00000000ca800000| Untracked 
| 291|0x00000000cac00000, 0x00000000cac00000, 0x00000000cb000000|  0%| F|  |TAMS 0x00000000cac00000, 0x00000000cac00000| Untracked 
| 292|0x00000000cb000000, 0x00000000cb000000, 0x00000000cb400000|  0%| F|  |TAMS 0x00000000cb000000, 0x00000000cb000000| Untracked 
| 293|0x00000000cb400000, 0x00000000cb400000, 0x00000000cb800000|  0%| F|  |TAMS 0x00000000cb400000, 0x00000000cb400000| Untracked 
| 294|0x00000000cb800000, 0x00000000cb800000, 0x00000000cbc00000|  0%| F|  |TAMS 0x00000000cb800000, 0x00000000cb800000| Untracked 
| 295|0x00000000cbc00000, 0x00000000cbc00000, 0x00000000cc000000|  0%| F|  |TAMS 0x00000000cbc00000, 0x00000000cbc00000| Untracked 
| 296|0x00000000cc000000, 0x00000000cc000000, 0x00000000cc400000|  0%| F|  |TAMS 0x00000000cc000000, 0x00000000cc000000| Untracked 
| 297|0x00000000cc400000, 0x00000000cc400000, 0x00000000cc800000|  0%| F|  |TAMS 0x00000000cc400000, 0x00000000cc400000| Untracked 
| 298|0x00000000cc800000, 0x00000000cc800000, 0x00000000ccc00000|  0%| F|  |TAMS 0x00000000cc800000, 0x00000000cc800000| Untracked 
| 299|0x00000000ccc00000, 0x00000000ccc00000, 0x00000000cd000000|  0%| F|  |TAMS 0x00000000ccc00000, 0x00000000ccc00000| Untracked 
| 300|0x00000000cd000000, 0x00000000cd000000, 0x00000000cd400000|  0%| F|  |TAMS 0x00000000cd000000, 0x00000000cd000000| Untracked 
| 301|0x00000000cd400000, 0x00000000cd400000, 0x00000000cd800000|  0%| F|  |TAMS 0x00000000cd400000, 0x00000000cd400000| Untracked 
| 302|0x00000000cd800000, 0x00000000cd800000, 0x00000000cdc00000|  0%| F|  |TAMS 0x00000000cd800000, 0x00000000cd800000| Untracked 
| 303|0x00000000cdc00000, 0x00000000cdc00000, 0x00000000ce000000|  0%| F|  |TAMS 0x00000000cdc00000, 0x00000000cdc00000| Untracked 
| 304|0x00000000ce000000, 0x00000000ce000000, 0x00000000ce400000|  0%| F|  |TAMS 0x00000000ce000000, 0x00000000ce000000| Untracked 
| 305|0x00000000ce400000, 0x00000000ce400000, 0x00000000ce800000|  0%| F|  |TAMS 0x00000000ce400000, 0x00000000ce400000| Untracked 
| 306|0x00000000ce800000, 0x00000000ce800000, 0x00000000cec00000|  0%| F|  |TAMS 0x00000000ce800000, 0x00000000ce800000| Untracked 
| 307|0x00000000cec00000, 0x00000000cec00000, 0x00000000cf000000|  0%| F|  |TAMS 0x00000000cec00000, 0x00000000cec00000| Untracked 
| 308|0x00000000cf000000, 0x00000000cf000000, 0x00000000cf400000|  0%| F|  |TAMS 0x00000000cf000000, 0x00000000cf000000| Untracked 
| 309|0x00000000cf400000, 0x00000000cf400000, 0x00000000cf800000|  0%| F|  |TAMS 0x00000000cf400000, 0x00000000cf400000| Untracked 
| 310|0x00000000cf800000, 0x00000000cf800000, 0x00000000cfc00000|  0%| F|  |TAMS 0x00000000cf800000, 0x00000000cf800000| Untracked 
| 311|0x00000000cfc00000, 0x00000000cfc00000, 0x00000000d0000000|  0%| F|  |TAMS 0x00000000cfc00000, 0x00000000cfc00000| Untracked 
| 312|0x00000000d0000000, 0x00000000d0000000, 0x00000000d0400000|  0%| F|  |TAMS 0x00000000d0000000, 0x00000000d0000000| Untracked 
| 313|0x00000000d0400000, 0x00000000d0400000, 0x00000000d0800000|  0%| F|  |TAMS 0x00000000d0400000, 0x00000000d0400000| Untracked 
| 314|0x00000000d0800000, 0x00000000d0800000, 0x00000000d0c00000|  0%| F|  |TAMS 0x00000000d0800000, 0x00000000d0800000| Untracked 
| 315|0x00000000d0c00000, 0x00000000d0c00000, 0x00000000d1000000|  0%| F|  |TAMS 0x00000000d0c00000, 0x00000000d0c00000| Untracked 
| 316|0x00000000d1000000, 0x00000000d1000000, 0x00000000d1400000|  0%| F|  |TAMS 0x00000000d1000000, 0x00000000d1000000| Untracked 
| 317|0x00000000d1400000, 0x00000000d1400000, 0x00000000d1800000|  0%| F|  |TAMS 0x00000000d1400000, 0x00000000d1400000| Untracked 
| 318|0x00000000d1800000, 0x00000000d1800000, 0x00000000d1c00000|  0%| F|  |TAMS 0x00000000d1800000, 0x00000000d1800000| Untracked 
| 319|0x00000000d1c00000, 0x00000000d1c00000, 0x00000000d2000000|  0%| F|  |TAMS 0x00000000d1c00000, 0x00000000d1c00000| Untracked 
| 320|0x00000000d2000000, 0x00000000d2000000, 0x00000000d2400000|  0%| F|  |TAMS 0x00000000d2000000, 0x00000000d2000000| Untracked 
| 321|0x00000000d2400000, 0x00000000d2400000, 0x00000000d2800000|  0%| F|  |TAMS 0x00000000d2400000, 0x00000000d2400000| Untracked 
| 322|0x00000000d2800000, 0x00000000d2800000, 0x00000000d2c00000|  0%| F|  |TAMS 0x00000000d2800000, 0x00000000d2800000| Untracked 
| 323|0x00000000d2c00000, 0x00000000d2c00000, 0x00000000d3000000|  0%| F|  |TAMS 0x00000000d2c00000, 0x00000000d2c00000| Untracked 
| 324|0x00000000d3000000, 0x00000000d3000000, 0x00000000d3400000|  0%| F|  |TAMS 0x00000000d3000000, 0x00000000d3000000| Untracked 
| 325|0x00000000d3400000, 0x00000000d3400000, 0x00000000d3800000|  0%| F|  |TAMS 0x00000000d3400000, 0x00000000d3400000| Untracked 
| 326|0x00000000d3800000, 0x00000000d3800000, 0x00000000d3c00000|  0%| F|  |TAMS 0x00000000d3800000, 0x00000000d3800000| Untracked 
| 327|0x00000000d3c00000, 0x00000000d3c00000, 0x00000000d4000000|  0%| F|  |TAMS 0x00000000d3c00000, 0x00000000d3c00000| Untracked 
| 328|0x00000000d4000000, 0x00000000d4000000, 0x00000000d4400000|  0%| F|  |TAMS 0x00000000d4000000, 0x00000000d4000000| Untracked 
| 329|0x00000000d4400000, 0x00000000d4400000, 0x00000000d4800000|  0%| F|  |TAMS 0x00000000d4400000, 0x00000000d4400000| Untracked 
| 330|0x00000000d4800000, 0x00000000d4800000, 0x00000000d4c00000|  0%| F|  |TAMS 0x00000000d4800000, 0x00000000d4800000| Untracked 
| 331|0x00000000d4c00000, 0x00000000d4c00000, 0x00000000d5000000|  0%| F|  |TAMS 0x00000000d4c00000, 0x00000000d4c00000| Untracked 
| 332|0x00000000d5000000, 0x00000000d5000000, 0x00000000d5400000|  0%| F|  |TAMS 0x00000000d5000000, 0x00000000d5000000| Untracked 
| 333|0x00000000d5400000, 0x00000000d5400000, 0x00000000d5800000|  0%| F|  |TAMS 0x00000000d5400000, 0x00000000d5400000| Untracked 
| 334|0x00000000d5800000, 0x00000000d5800000, 0x00000000d5c00000|  0%| F|  |TAMS 0x00000000d5800000, 0x00000000d5800000| Untracked 
| 335|0x00000000d5c00000, 0x00000000d5c00000, 0x00000000d6000000|  0%| F|  |TAMS 0x00000000d5c00000, 0x00000000d5c00000| Untracked 
| 336|0x00000000d6000000, 0x00000000d6000000, 0x00000000d6400000|  0%| F|  |TAMS 0x00000000d6000000, 0x00000000d6000000| Untracked 
| 337|0x00000000d6400000, 0x00000000d6400000, 0x00000000d6800000|  0%| F|  |TAMS 0x00000000d6400000, 0x00000000d6400000| Untracked 
| 338|0x00000000d6800000, 0x00000000d6800000, 0x00000000d6c00000|  0%| F|  |TAMS 0x00000000d6800000, 0x00000000d6800000| Untracked 
| 339|0x00000000d6c00000, 0x00000000d6c00000, 0x00000000d7000000|  0%| F|  |TAMS 0x00000000d6c00000, 0x00000000d6c00000| Untracked 
| 340|0x00000000d7000000, 0x00000000d7000000, 0x00000000d7400000|  0%| F|  |TAMS 0x00000000d7000000, 0x00000000d7000000| Untracked 
| 341|0x00000000d7400000, 0x00000000d7400000, 0x00000000d7800000|  0%| F|  |TAMS 0x00000000d7400000, 0x00000000d7400000| Untracked 
| 342|0x00000000d7800000, 0x00000000d7800000, 0x00000000d7c00000|  0%| F|  |TAMS 0x00000000d7800000, 0x00000000d7800000| Untracked 
| 343|0x00000000d7c00000, 0x00000000d7c00000, 0x00000000d8000000|  0%| F|  |TAMS 0x00000000d7c00000, 0x00000000d7c00000| Untracked 
| 344|0x00000000d8000000, 0x00000000d8000000, 0x00000000d8400000|  0%| F|  |TAMS 0x00000000d8000000, 0x00000000d8000000| Untracked 
| 345|0x00000000d8400000, 0x00000000d8400000, 0x00000000d8800000|  0%| F|  |TAMS 0x00000000d8400000, 0x00000000d8400000| Untracked 
| 346|0x00000000d8800000, 0x00000000d8800000, 0x00000000d8c00000|  0%| F|  |TAMS 0x00000000d8800000, 0x00000000d8800000| Untracked 
| 347|0x00000000d8c00000, 0x00000000d8c00000, 0x00000000d9000000|  0%| F|  |TAMS 0x00000000d8c00000, 0x00000000d8c00000| Untracked 
| 348|0x00000000d9000000, 0x00000000d9000000, 0x00000000d9400000|  0%| F|  |TAMS 0x00000000d9000000, 0x00000000d9000000| Untracked 
| 349|0x00000000d9400000, 0x00000000d9400000, 0x00000000d9800000|  0%| F|  |TAMS 0x00000000d9400000, 0x00000000d9400000| Untracked 
| 350|0x00000000d9800000, 0x00000000d9800000, 0x00000000d9c00000|  0%| F|  |TAMS 0x00000000d9800000, 0x00000000d9800000| Untracked 
| 351|0x00000000d9c00000, 0x00000000d9c00000, 0x00000000da000000|  0%| F|  |TAMS 0x00000000d9c00000, 0x00000000d9c00000| Untracked 
| 352|0x00000000da000000, 0x00000000da000000, 0x00000000da400000|  0%| F|  |TAMS 0x00000000da000000, 0x00000000da000000| Untracked 
| 353|0x00000000da400000, 0x00000000da400000, 0x00000000da800000|  0%| F|  |TAMS 0x00000000da400000, 0x00000000da400000| Untracked 
| 354|0x00000000da800000, 0x00000000da800000, 0x00000000dac00000|  0%| F|  |TAMS 0x00000000da800000, 0x00000000da800000| Untracked 
| 355|0x00000000dac00000, 0x00000000dac00000, 0x00000000db000000|  0%| F|  |TAMS 0x00000000dac00000, 0x00000000dac00000| Untracked 
| 356|0x00000000db000000, 0x00000000db000000, 0x00000000db400000|  0%| F|  |TAMS 0x00000000db000000, 0x00000000db000000| Untracked 
| 357|0x00000000db400000, 0x00000000db400000, 0x00000000db800000|  0%| F|  |TAMS 0x00000000db400000, 0x00000000db400000| Untracked 
| 358|0x00000000db800000, 0x00000000db800000, 0x00000000dbc00000|  0%| F|  |TAMS 0x00000000db800000, 0x00000000db800000| Untracked 
| 359|0x00000000dbc00000, 0x00000000dbc00000, 0x00000000dc000000|  0%| F|  |TAMS 0x00000000dbc00000, 0x00000000dbc00000| Untracked 
| 360|0x00000000dc000000, 0x00000000dc000000, 0x00000000dc400000|  0%| F|  |TAMS 0x00000000dc000000, 0x00000000dc000000| Untracked 
| 361|0x00000000dc400000, 0x00000000dc400000, 0x00000000dc800000|  0%| F|  |TAMS 0x00000000dc400000, 0x00000000dc400000| Untracked 
| 362|0x00000000dc800000, 0x00000000dc800000, 0x00000000dcc00000|  0%| F|  |TAMS 0x00000000dc800000, 0x00000000dc800000| Untracked 
| 363|0x00000000dcc00000, 0x00000000dcc00000, 0x00000000dd000000|  0%| F|  |TAMS 0x00000000dcc00000, 0x00000000dcc00000| Untracked 
| 364|0x00000000dd000000, 0x00000000dd000000, 0x00000000dd400000|  0%| F|  |TAMS 0x00000000dd000000, 0x00000000dd000000| Untracked 
| 365|0x00000000dd400000, 0x00000000dd400000, 0x00000000dd800000|  0%| F|  |TAMS 0x00000000dd400000, 0x00000000dd400000| Untracked 
| 366|0x00000000dd800000, 0x00000000dd800000, 0x00000000ddc00000|  0%| F|  |TAMS 0x00000000dd800000, 0x00000000dd800000| Untracked 
| 367|0x00000000ddc00000, 0x00000000ddc00000, 0x00000000de000000|  0%| F|  |TAMS 0x00000000ddc00000, 0x00000000ddc00000| Untracked 
| 368|0x00000000de000000, 0x00000000de000000, 0x00000000de400000|  0%| F|  |TAMS 0x00000000de000000, 0x00000000de000000| Untracked 
| 369|0x00000000de400000, 0x00000000de400000, 0x00000000de800000|  0%| F|  |TAMS 0x00000000de400000, 0x00000000de400000| Untracked 
| 370|0x00000000de800000, 0x00000000de800000, 0x00000000dec00000|  0%| F|  |TAMS 0x00000000de800000, 0x00000000de800000| Untracked 
| 371|0x00000000dec00000, 0x00000000dec00000, 0x00000000df000000|  0%| F|  |TAMS 0x00000000dec00000, 0x00000000dec00000| Untracked 
| 372|0x00000000df000000, 0x00000000df000000, 0x00000000df400000|  0%| F|  |TAMS 0x00000000df000000, 0x00000000df000000| Untracked 
| 373|0x00000000df400000, 0x00000000df400000, 0x00000000df800000|  0%| F|  |TAMS 0x00000000df400000, 0x00000000df400000| Untracked 
| 374|0x00000000df800000, 0x00000000df800000, 0x00000000dfc00000|  0%| F|  |TAMS 0x00000000df800000, 0x00000000df800000| Untracked 
| 375|0x00000000dfc00000, 0x00000000dfc00000, 0x00000000e0000000|  0%| F|  |TAMS 0x00000000dfc00000, 0x00000000dfc00000| Untracked 
| 376|0x00000000e0000000, 0x00000000e0000000, 0x00000000e0400000|  0%| F|  |TAMS 0x00000000e0000000, 0x00000000e0000000| Untracked 
| 377|0x00000000e0400000, 0x00000000e0400000, 0x00000000e0800000|  0%| F|  |TAMS 0x00000000e0400000, 0x00000000e0400000| Untracked 
| 378|0x00000000e0800000, 0x00000000e0800000, 0x00000000e0c00000|  0%| F|  |TAMS 0x00000000e0800000, 0x00000000e0800000| Untracked 
| 379|0x00000000e0c00000, 0x00000000e0c00000, 0x00000000e1000000|  0%| F|  |TAMS 0x00000000e0c00000, 0x00000000e0c00000| Untracked 
| 380|0x00000000e1000000, 0x00000000e1000000, 0x00000000e1400000|  0%| F|  |TAMS 0x00000000e1000000, 0x00000000e1000000| Untracked 
| 381|0x00000000e1400000, 0x00000000e1400000, 0x00000000e1800000|  0%| F|  |TAMS 0x00000000e1400000, 0x00000000e1400000| Untracked 
| 382|0x00000000e1800000, 0x00000000e1800000, 0x00000000e1c00000|  0%| F|  |TAMS 0x00000000e1800000, 0x00000000e1800000| Untracked 
| 383|0x00000000e1c00000, 0x00000000e1c00000, 0x00000000e2000000|  0%| F|  |TAMS 0x00000000e1c00000, 0x00000000e1c00000| Untracked 
| 384|0x00000000e2000000, 0x00000000e2000000, 0x00000000e2400000|  0%| F|  |TAMS 0x00000000e2000000, 0x00000000e2000000| Untracked 
| 385|0x00000000e2400000, 0x00000000e2400000, 0x00000000e2800000|  0%| F|  |TAMS 0x00000000e2400000, 0x00000000e2400000| Untracked 
| 386|0x00000000e2800000, 0x00000000e2800000, 0x00000000e2c00000|  0%| F|  |TAMS 0x00000000e2800000, 0x00000000e2800000| Untracked 
| 387|0x00000000e2c00000, 0x00000000e2c00000, 0x00000000e3000000|  0%| F|  |TAMS 0x00000000e2c00000, 0x00000000e2c00000| Untracked 
| 388|0x00000000e3000000, 0x00000000e3000000, 0x00000000e3400000|  0%| F|  |TAMS 0x00000000e3000000, 0x00000000e3000000| Untracked 
| 389|0x00000000e3400000, 0x00000000e3400000, 0x00000000e3800000|  0%| F|  |TAMS 0x00000000e3400000, 0x00000000e3400000| Untracked 
| 390|0x00000000e3800000, 0x00000000e3800000, 0x00000000e3c00000|  0%| F|  |TAMS 0x00000000e3800000, 0x00000000e3800000| Untracked 
| 391|0x00000000e3c00000, 0x00000000e3c00000, 0x00000000e4000000|  0%| F|  |TAMS 0x00000000e3c00000, 0x00000000e3c00000| Untracked 
| 392|0x00000000e4000000, 0x00000000e4000000, 0x00000000e4400000|  0%| F|  |TAMS 0x00000000e4000000, 0x00000000e4000000| Untracked 
| 393|0x00000000e4400000, 0x00000000e4400000, 0x00000000e4800000|  0%| F|  |TAMS 0x00000000e4400000, 0x00000000e4400000| Untracked 
| 394|0x00000000e4800000, 0x00000000e4800000, 0x00000000e4c00000|  0%| F|  |TAMS 0x00000000e4800000, 0x00000000e4800000| Untracked 
| 395|0x00000000e4c00000, 0x00000000e4c00000, 0x00000000e5000000|  0%| F|  |TAMS 0x00000000e4c00000, 0x00000000e4c00000| Untracked 
| 396|0x00000000e5000000, 0x00000000e5000000, 0x00000000e5400000|  0%| F|  |TAMS 0x00000000e5000000, 0x00000000e5000000| Untracked 
| 397|0x00000000e5400000, 0x00000000e5400000, 0x00000000e5800000|  0%| F|  |TAMS 0x00000000e5400000, 0x00000000e5400000| Untracked 
| 398|0x00000000e5800000, 0x00000000e5800000, 0x00000000e5c00000|  0%| F|  |TAMS 0x00000000e5800000, 0x00000000e5800000| Untracked 
| 399|0x00000000e5c00000, 0x00000000e5c00000, 0x00000000e6000000|  0%| F|  |TAMS 0x00000000e5c00000, 0x00000000e5c00000| Untracked 
| 400|0x00000000e6000000, 0x00000000e6000000, 0x00000000e6400000|  0%| F|  |TAMS 0x00000000e6000000, 0x00000000e6000000| Untracked 
| 401|0x00000000e6400000, 0x00000000e6400000, 0x00000000e6800000|  0%| F|  |TAMS 0x00000000e6400000, 0x00000000e6400000| Untracked 
| 402|0x00000000e6800000, 0x00000000e6800000, 0x00000000e6c00000|  0%| F|  |TAMS 0x00000000e6800000, 0x00000000e6800000| Untracked 
| 403|0x00000000e6c00000, 0x00000000e6c00000, 0x00000000e7000000|  0%| F|  |TAMS 0x00000000e6c00000, 0x00000000e6c00000| Untracked 
| 404|0x00000000e7000000, 0x00000000e7000000, 0x00000000e7400000|  0%| F|  |TAMS 0x00000000e7000000, 0x00000000e7000000| Untracked 
| 405|0x00000000e7400000, 0x00000000e7400000, 0x00000000e7800000|  0%| F|  |TAMS 0x00000000e7400000, 0x00000000e7400000| Untracked 
| 406|0x00000000e7800000, 0x00000000e7800000, 0x00000000e7c00000|  0%| F|  |TAMS 0x00000000e7800000, 0x00000000e7800000| Untracked 
| 407|0x00000000e7c00000, 0x00000000e7c00000, 0x00000000e8000000|  0%| F|  |TAMS 0x00000000e7c00000, 0x00000000e7c00000| Untracked 
| 408|0x00000000e8000000, 0x00000000e8000000, 0x00000000e8400000|  0%| F|  |TAMS 0x00000000e8000000, 0x00000000e8000000| Untracked 
| 409|0x00000000e8400000, 0x00000000e8400000, 0x00000000e8800000|  0%| F|  |TAMS 0x00000000e8400000, 0x00000000e8400000| Untracked 
| 410|0x00000000e8800000, 0x00000000e8800000, 0x00000000e8c00000|  0%| F|  |TAMS 0x00000000e8800000, 0x00000000e8800000| Untracked 
| 411|0x00000000e8c00000, 0x00000000e8c00000, 0x00000000e9000000|  0%| F|  |TAMS 0x00000000e8c00000, 0x00000000e8c00000| Untracked 
| 412|0x00000000e9000000, 0x00000000e9000000, 0x00000000e9400000|  0%| F|  |TAMS 0x00000000e9000000, 0x00000000e9000000| Untracked 
| 413|0x00000000e9400000, 0x00000000e9400000, 0x00000000e9800000|  0%| F|  |TAMS 0x00000000e9400000, 0x00000000e9400000| Untracked 
| 414|0x00000000e9800000, 0x00000000e9800000, 0x00000000e9c00000|  0%| F|  |TAMS 0x00000000e9800000, 0x00000000e9800000| Untracked 
| 415|0x00000000e9c00000, 0x00000000e9c00000, 0x00000000ea000000|  0%| F|  |TAMS 0x00000000e9c00000, 0x00000000e9c00000| Untracked 
| 416|0x00000000ea000000, 0x00000000ea000000, 0x00000000ea400000|  0%| F|  |TAMS 0x00000000ea000000, 0x00000000ea000000| Untracked 
| 417|0x00000000ea400000, 0x00000000ea400000, 0x00000000ea800000|  0%| F|  |TAMS 0x00000000ea400000, 0x00000000ea400000| Untracked 
| 418|0x00000000ea800000, 0x00000000ea800000, 0x00000000eac00000|  0%| F|  |TAMS 0x00000000ea800000, 0x00000000ea800000| Untracked 
| 419|0x00000000eac00000, 0x00000000eac00000, 0x00000000eb000000|  0%| F|  |TAMS 0x00000000eac00000, 0x00000000eac00000| Untracked 
| 420|0x00000000eb000000, 0x00000000eb000000, 0x00000000eb400000|  0%| F|  |TAMS 0x00000000eb000000, 0x00000000eb000000| Untracked 
| 421|0x00000000eb400000, 0x00000000eb400000, 0x00000000eb800000|  0%| F|  |TAMS 0x00000000eb400000, 0x00000000eb400000| Untracked 
| 422|0x00000000eb800000, 0x00000000eb800000, 0x00000000ebc00000|  0%| F|  |TAMS 0x00000000eb800000, 0x00000000eb800000| Untracked 
| 423|0x00000000ebc00000, 0x00000000ebc00000, 0x00000000ec000000|  0%| F|  |TAMS 0x00000000ebc00000, 0x00000000ebc00000| Untracked 
| 424|0x00000000ec000000, 0x00000000ec000000, 0x00000000ec400000|  0%| F|  |TAMS 0x00000000ec000000, 0x00000000ec000000| Untracked 
| 425|0x00000000ec400000, 0x00000000ec400000, 0x00000000ec800000|  0%| F|  |TAMS 0x00000000ec400000, 0x00000000ec400000| Untracked 
| 426|0x00000000ec800000, 0x00000000ec800000, 0x00000000ecc00000|  0%| F|  |TAMS 0x00000000ec800000, 0x00000000ec800000| Untracked 
| 427|0x00000000ecc00000, 0x00000000ecc00000, 0x00000000ed000000|  0%| F|  |TAMS 0x00000000ecc00000, 0x00000000ecc00000| Untracked 
| 428|0x00000000ed000000, 0x00000000ed000000, 0x00000000ed400000|  0%| F|  |TAMS 0x00000000ed000000, 0x00000000ed000000| Untracked 
| 429|0x00000000ed400000, 0x00000000ed400000, 0x00000000ed800000|  0%| F|  |TAMS 0x00000000ed400000, 0x00000000ed400000| Untracked 
| 430|0x00000000ed800000, 0x00000000ed800000, 0x00000000edc00000|  0%| F|  |TAMS 0x00000000ed800000, 0x00000000ed800000| Untracked 
| 431|0x00000000edc00000, 0x00000000edc00000, 0x00000000ee000000|  0%| F|  |TAMS 0x00000000edc00000, 0x00000000edc00000| Untracked 
| 432|0x00000000ee000000, 0x00000000ee000000, 0x00000000ee400000|  0%| F|  |TAMS 0x00000000ee000000, 0x00000000ee000000| Untracked 
| 433|0x00000000ee400000, 0x00000000ee400000, 0x00000000ee800000|  0%| F|  |TAMS 0x00000000ee400000, 0x00000000ee400000| Untracked 
| 434|0x00000000ee800000, 0x00000000ee800000, 0x00000000eec00000|  0%| F|  |TAMS 0x00000000ee800000, 0x00000000ee800000| Untracked 
| 435|0x00000000eec00000, 0x00000000eec00000, 0x00000000ef000000|  0%| F|  |TAMS 0x00000000eec00000, 0x00000000eec00000| Untracked 
| 436|0x00000000ef000000, 0x00000000ef000000, 0x00000000ef400000|  0%| F|  |TAMS 0x00000000ef000000, 0x00000000ef000000| Untracked 
| 437|0x00000000ef400000, 0x00000000ef400000, 0x00000000ef800000|  0%| F|  |TAMS 0x00000000ef400000, 0x00000000ef400000| Untracked 
| 438|0x00000000ef800000, 0x00000000ef800000, 0x00000000efc00000|  0%| F|  |TAMS 0x00000000ef800000, 0x00000000ef800000| Untracked 
| 439|0x00000000efc00000, 0x00000000efc00000, 0x00000000f0000000|  0%| F|  |TAMS 0x00000000efc00000, 0x00000000efc00000| Untracked 
| 440|0x00000000f0000000, 0x00000000f0000000, 0x00000000f0400000|  0%| F|  |TAMS 0x00000000f0000000, 0x00000000f0000000| Untracked 
| 441|0x00000000f0400000, 0x00000000f0400000, 0x00000000f0800000|  0%| F|  |TAMS 0x00000000f0400000, 0x00000000f0400000| Untracked 
| 442|0x00000000f0800000, 0x00000000f0800000, 0x00000000f0c00000|  0%| F|  |TAMS 0x00000000f0800000, 0x00000000f0800000| Untracked 
| 443|0x00000000f0c00000, 0x00000000f0c00000, 0x00000000f1000000|  0%| F|  |TAMS 0x00000000f0c00000, 0x00000000f0c00000| Untracked 
| 444|0x00000000f1000000, 0x00000000f1000000, 0x00000000f1400000|  0%| F|  |TAMS 0x00000000f1000000, 0x00000000f1000000| Untracked 
| 445|0x00000000f1400000, 0x00000000f1400000, 0x00000000f1800000|  0%| F|  |TAMS 0x00000000f1400000, 0x00000000f1400000| Untracked 
| 446|0x00000000f1800000, 0x00000000f1800000, 0x00000000f1c00000|  0%| F|  |TAMS 0x00000000f1800000, 0x00000000f1800000| Untracked 
| 447|0x00000000f1c00000, 0x00000000f1c00000, 0x00000000f2000000|  0%| F|  |TAMS 0x00000000f1c00000, 0x00000000f1c00000| Untracked 
| 448|0x00000000f2000000, 0x00000000f2000000, 0x00000000f2400000|  0%| F|  |TAMS 0x00000000f2000000, 0x00000000f2000000| Untracked 
| 449|0x00000000f2400000, 0x00000000f2400000, 0x00000000f2800000|  0%| F|  |TAMS 0x00000000f2400000, 0x00000000f2400000| Untracked 
| 450|0x00000000f2800000, 0x00000000f2800000, 0x00000000f2c00000|  0%| F|  |TAMS 0x00000000f2800000, 0x00000000f2800000| Untracked 
| 451|0x00000000f2c00000, 0x00000000f2c00000, 0x00000000f3000000|  0%| F|  |TAMS 0x00000000f2c00000, 0x00000000f2c00000| Untracked 
| 452|0x00000000f3000000, 0x00000000f3000000, 0x00000000f3400000|  0%| F|  |TAMS 0x00000000f3000000, 0x00000000f3000000| Untracked 
| 453|0x00000000f3400000, 0x00000000f3400000, 0x00000000f3800000|  0%| F|  |TAMS 0x00000000f3400000, 0x00000000f3400000| Untracked 
| 454|0x00000000f3800000, 0x00000000f3800000, 0x00000000f3c00000|  0%| F|  |TAMS 0x00000000f3800000, 0x00000000f3800000| Untracked 
| 455|0x00000000f3c00000, 0x00000000f3c00000, 0x00000000f4000000|  0%| F|  |TAMS 0x00000000f3c00000, 0x00000000f3c00000| Untracked 
| 456|0x00000000f4000000, 0x00000000f4000000, 0x00000000f4400000|  0%| F|  |TAMS 0x00000000f4000000, 0x00000000f4000000| Untracked 
| 457|0x00000000f4400000, 0x00000000f4400000, 0x00000000f4800000|  0%| F|  |TAMS 0x00000000f4400000, 0x00000000f4400000| Untracked 
| 458|0x00000000f4800000, 0x00000000f4800000, 0x00000000f4c00000|  0%| F|  |TAMS 0x00000000f4800000, 0x00000000f4800000| Untracked 
| 459|0x00000000f4c00000, 0x00000000f4c00000, 0x00000000f5000000|  0%| F|  |TAMS 0x00000000f4c00000, 0x00000000f4c00000| Untracked 
| 460|0x00000000f5000000, 0x00000000f5000000, 0x00000000f5400000|  0%| F|  |TAMS 0x00000000f5000000, 0x00000000f5000000| Untracked 
| 461|0x00000000f5400000, 0x00000000f5400000, 0x00000000f5800000|  0%| F|  |TAMS 0x00000000f5400000, 0x00000000f5400000| Untracked 
| 462|0x00000000f5800000, 0x00000000f5800000, 0x00000000f5c00000|  0%| F|  |TAMS 0x00000000f5800000, 0x00000000f5800000| Untracked 
| 463|0x00000000f5c00000, 0x00000000f5c00000, 0x00000000f6000000|  0%| F|  |TAMS 0x00000000f5c00000, 0x00000000f5c00000| Untracked 
| 464|0x00000000f6000000, 0x00000000f6000000, 0x00000000f6400000|  0%| F|  |TAMS 0x00000000f6000000, 0x00000000f6000000| Untracked 
| 465|0x00000000f6400000, 0x00000000f6400000, 0x00000000f6800000|  0%| F|  |TAMS 0x00000000f6400000, 0x00000000f6400000| Untracked 
| 466|0x00000000f6800000, 0x00000000f6800000, 0x00000000f6c00000|  0%| F|  |TAMS 0x00000000f6800000, 0x00000000f6800000| Untracked 
| 467|0x00000000f6c00000, 0x00000000f6c00000, 0x00000000f7000000|  0%| F|  |TAMS 0x00000000f6c00000, 0x00000000f6c00000| Untracked 
| 468|0x00000000f7000000, 0x00000000f7000000, 0x00000000f7400000|  0%| F|  |TAMS 0x00000000f7000000, 0x00000000f7000000| Untracked 
| 469|0x00000000f7400000, 0x00000000f7400000, 0x00000000f7800000|  0%| F|  |TAMS 0x00000000f7400000, 0x00000000f7400000| Untracked 
| 470|0x00000000f7800000, 0x00000000f7800000, 0x00000000f7c00000|  0%| F|  |TAMS 0x00000000f7800000, 0x00000000f7800000| Untracked 
| 471|0x00000000f7c00000, 0x00000000f7c00000, 0x00000000f8000000|  0%| F|  |TAMS 0x00000000f7c00000, 0x00000000f7c00000| Untracked 
| 472|0x00000000f8000000, 0x00000000f8000000, 0x00000000f8400000|  0%| F|  |TAMS 0x00000000f8000000, 0x00000000f8000000| Untracked 
| 473|0x00000000f8400000, 0x00000000f8400000, 0x00000000f8800000|  0%| F|  |TAMS 0x00000000f8400000, 0x00000000f8400000| Untracked 
| 474|0x00000000f8800000, 0x00000000f8800000, 0x00000000f8c00000|  0%| F|  |TAMS 0x00000000f8800000, 0x00000000f8800000| Untracked 
| 475|0x00000000f8c00000, 0x00000000f8c00000, 0x00000000f9000000|  0%| F|  |TAMS 0x00000000f8c00000, 0x00000000f8c00000| Untracked 
| 476|0x00000000f9000000, 0x00000000f9000000, 0x00000000f9400000|  0%| F|  |TAMS 0x00000000f9000000, 0x00000000f9000000| Untracked 
| 477|0x00000000f9400000, 0x00000000f9400000, 0x00000000f9800000|  0%| F|  |TAMS 0x00000000f9400000, 0x00000000f9400000| Untracked 
| 478|0x00000000f9800000, 0x00000000f9800000, 0x00000000f9c00000|  0%| F|  |TAMS 0x00000000f9800000, 0x00000000f9800000| Untracked 
| 479|0x00000000f9c00000, 0x00000000f9c00000, 0x00000000fa000000|  0%| F|  |TAMS 0x00000000f9c00000, 0x00000000f9c00000| Untracked 
| 480|0x00000000fa000000, 0x00000000fa000000, 0x00000000fa400000|  0%| F|  |TAMS 0x00000000fa000000, 0x00000000fa000000| Untracked 
| 481|0x00000000fa400000, 0x00000000fa400000, 0x00000000fa800000|  0%| F|  |TAMS 0x00000000fa400000, 0x00000000fa400000| Untracked 
| 482|0x00000000fa800000, 0x00000000fa800000, 0x00000000fac00000|  0%| F|  |TAMS 0x00000000fa800000, 0x00000000fa800000| Untracked 
| 483|0x00000000fac00000, 0x00000000fac00000, 0x00000000fb000000|  0%| F|  |TAMS 0x00000000fac00000, 0x00000000fac00000| Untracked 
| 484|0x00000000fb000000, 0x00000000fb000000, 0x00000000fb400000|  0%| F|  |TAMS 0x00000000fb000000, 0x00000000fb000000| Untracked 
| 485|0x00000000fb400000, 0x00000000fb400000, 0x00000000fb800000|  0%| F|  |TAMS 0x00000000fb400000, 0x00000000fb400000| Untracked 
| 486|0x00000000fb800000, 0x00000000fb800000, 0x00000000fbc00000|  0%| F|  |TAMS 0x00000000fb800000, 0x00000000fb800000| Untracked 
| 487|0x00000000fbc00000, 0x00000000fbc00000, 0x00000000fc000000|  0%| F|  |TAMS 0x00000000fbc00000, 0x00000000fbc00000| Untracked 
| 488|0x00000000fc000000, 0x00000000fc000000, 0x00000000fc400000|  0%| F|  |TAMS 0x00000000fc000000, 0x00000000fc000000| Untracked 
| 489|0x00000000fc400000, 0x00000000fc400000, 0x00000000fc800000|  0%| F|  |TAMS 0x00000000fc400000, 0x00000000fc400000| Untracked 
| 490|0x00000000fc800000, 0x00000000fc800000, 0x00000000fcc00000|  0%| F|  |TAMS 0x00000000fc800000, 0x00000000fc800000| Untracked 
| 491|0x00000000fcc00000, 0x00000000fcc00000, 0x00000000fd000000|  0%| F|  |TAMS 0x00000000fcc00000, 0x00000000fcc00000| Untracked 
| 492|0x00000000fd000000, 0x00000000fd000000, 0x00000000fd400000|  0%| F|  |TAMS 0x00000000fd000000, 0x00000000fd000000| Untracked 
| 493|0x00000000fd400000, 0x00000000fd400000, 0x00000000fd800000|  0%| F|  |TAMS 0x00000000fd400000, 0x00000000fd400000| Untracked 
| 494|0x00000000fd800000, 0x00000000fd800000, 0x00000000fdc00000|  0%| F|  |TAMS 0x00000000fd800000, 0x00000000fd800000| Untracked 
| 495|0x00000000fdc00000, 0x00000000fdc00000, 0x00000000fe000000|  0%| F|  |TAMS 0x00000000fdc00000, 0x00000000fdc00000| Untracked 
| 496|0x00000000fe000000, 0x00000000fe000000, 0x00000000fe400000|  0%| F|  |TAMS 0x00000000fe000000, 0x00000000fe000000| Untracked 
| 497|0x00000000fe400000, 0x00000000fe400000, 0x00000000fe800000|  0%| F|  |TAMS 0x00000000fe400000, 0x00000000fe400000| Untracked 
| 498|0x00000000fe800000, 0x00000000fe800000, 0x00000000fec00000|  0%| F|  |TAMS 0x00000000fe800000, 0x00000000fe800000| Untracked 
| 499|0x00000000fec00000, 0x00000000fec00000, 0x00000000ff000000|  0%| F|  |TAMS 0x00000000fec00000, 0x00000000fec00000| Untracked 
| 500|0x00000000ff000000, 0x00000000ff000000, 0x00000000ff400000|  0%| F|  |TAMS 0x00000000ff000000, 0x00000000ff000000| Untracked 
| 501|0x00000000ff400000, 0x00000000ff400000, 0x00000000ff800000|  0%| F|  |TAMS 0x00000000ff400000, 0x00000000ff400000| Untracked 
| 502|0x00000000ff800000, 0x00000000ff800000, 0x00000000ffc00000|  0%| F|  |TAMS 0x00000000ff800000, 0x00000000ff800000| Untracked 
| 503|0x00000000ffc00000, 0x00000000ffc00000, 0x0000000100000000|  0%| F|  |TAMS 0x00000000ffc00000, 0x00000000ffc00000| Untracked 
| 504|0x0000000100000000, 0x0000000100000000, 0x0000000100400000|  0%| F|  |TAMS 0x0000000100000000, 0x0000000100000000| Untracked 
| 505|0x0000000100400000, 0x0000000100400000, 0x0000000100800000|  0%| F|  |TAMS 0x0000000100400000, 0x0000000100400000| Untracked 
| 506|0x0000000100800000, 0x0000000100800000, 0x0000000100c00000|  0%| F|  |TAMS 0x0000000100800000, 0x0000000100800000| Untracked 
| 507|0x0000000100c00000, 0x0000000100c00000, 0x0000000101000000|  0%| F|  |TAMS 0x0000000100c00000, 0x0000000100c00000| Untracked 
| 508|0x0000000101000000, 0x0000000101200800, 0x0000000101400000| 50%| E|  |TAMS 0x0000000101000000, 0x0000000101000000| Complete 
| 509|0x0000000101400000, 0x0000000101800000, 0x0000000101800000|100%| E|CS|TAMS 0x0000000101400000, 0x0000000101400000| Complete 
| 510|0x0000000101800000, 0x0000000101c00000, 0x0000000101c00000|100%| E|CS|TAMS 0x0000000101800000, 0x0000000101800000| Complete 
| 511|0x0000000101c00000, 0x0000000102000000, 0x0000000102000000|100%| E|CS|TAMS 0x0000000101c00000, 0x0000000101c00000| Complete 

Card table byte_map: [0x0000021777320000,0x000002177af10000] _byte_map_base: 0x0000021776f10000

Marking Bits (Prev, Next): (CMBitMap*) 0x000002176919bdd8, (CMBitMap*) 0x000002176919be10
 Prev Bits: [0x000002170f000000, 0x000002172cf80000)
 Next Bits: [0x000002172cf80000, 0x000002174af00000)

Polling page: 0x0000021769080000

Metaspace:

Usage:
  Non-class:      8.63 MB capacity,     8.53 MB ( 99%) used,    83.95 KB ( <1%) free+waste,    11.25 KB ( <1%) overhead. 
      Class:    936.00 KB capacity,   873.20 KB ( 93%) used,    57.80 KB (  6%) free+waste,     5.00 KB ( <1%) overhead. 
       Both:      9.54 MB capacity,     9.39 MB ( 98%) used,   141.75 KB (  1%) free+waste,    16.25 KB ( <1%) overhead. 

Virtual space:
  Non-class space:       10.00 MB reserved,       8.75 MB ( 88%) committed 
      Class space:        1.00 GB reserved,       1.00 MB ( <1%) committed 
             Both:        1.01 GB reserved,       9.75 MB ( <1%) committed 

Chunk freelists:
   Non-Class:  7.63 KB
       Class:  3.00 KB
        Both:  10.63 KB

CodeHeap 'non-profiled nmethods': size=119168Kb used=157Kb max_used=157Kb free=119010Kb
 bounds [0x0000021707ba0000, 0x0000021707e10000, 0x000002170f000000]
CodeHeap 'profiled nmethods': size=119168Kb used=890Kb max_used=890Kb free=118277Kb
 bounds [0x0000021700740000, 0x00000217009b0000, 0x0000021707ba0000]
CodeHeap 'non-nmethods': size=7424Kb used=1159Kb max_used=2864Kb free=6264Kb
 bounds [0x0000021700000000, 0x00000217002d0000, 0x0000021700740000]
 total_blobs=979 nmethods=609 adapters=290
 compilation: enabled
              stopped_count=0, restarted_count=0
 full_count=0

Compilation events (10 events):
Event: 88.556 Thread 0x000002174db5a000 nmethod 605 0x000002170081d910 code [0x000002170081dae0, 0x000002170081de48]
Event: 88.556 Thread 0x000002174db5a000  606       3       org.eclipse.jdt.launching.internal.org.objectweb.asm.SymbolTable$Entry::<init> (17 bytes)
Event: 88.556 Thread 0x000002174db5a000 nmethod 606 0x000002170081e010 code [0x000002170081e1c0, 0x000002170081e348]
Event: 88.558 Thread 0x000002174db56800 nmethod 604 0x0000021707bc6c10 code [0x0000021707bc6da0, 0x0000021707bc6e98]
Event: 211.063 Thread 0x000002174db56800  607       4       java.lang.String::charAt (25 bytes)
Event: 211.066 Thread 0x000002174db56800 nmethod 607 0x0000021707bc6f90 code [0x0000021707bc7120, 0x0000021707bc7288]
Event: 247.284 Thread 0x000002174db56800  608       4       org.eclipse.jdt.launching.internal.org.objectweb.asm.ClassReader::getItem (7 bytes)
Event: 247.284 Thread 0x000002174db5a000  609       3       org.eclipse.jdt.launching.internal.org.objectweb.asm.ClassReader::readInt (52 bytes)
Event: 247.284 Thread 0x000002174db5a000 nmethod 609 0x000002170081e410 code [0x000002170081e5a0, 0x000002170081e778]
Event: 247.286 Thread 0x000002174db56800 nmethod 608 0x0000021707bc7410 code [0x0000021707bc7580, 0x0000021707bc7658]

GC Heap History (0 events):
No events

Deoptimization events (3 events):
Event: 0.107 Thread 0x000002176b3cd800 Uncommon trap: reason=unstable_if action=reinterpret pc=0x0000021707bacda4 method=java.lang.CharacterDataLatin1.isJavaIdentifierPart(I)Z @ 11 c2
Event: 0.260 Thread 0x000002176b3cd800 Uncommon trap: reason=class_check action=maybe_recompile pc=0x0000021707bb50c0 method=java.util.HashMap.putVal(ILjava/lang/Object;Ljava/lang/Object;ZZ)Ljava/lang/Object; @ 91 c2
Event: 0.274 Thread 0x000002176b3cd800 Uncommon trap: reason=unstable_if action=reinterpret pc=0x0000021707ba5480 method=java.lang.String.charAt(I)C @ 4 c2

Classes redefined (5 events):
Event: 78.807 Thread 0x000002174d2c3000 redefined class name=packaged.SupplyChainIssues, count=1
Event: 88.558 Thread 0x000002174d2c3000 redefined class name=packaged.SupplyChainIssues, count=2
Event: 211.065 Thread 0x000002174d2c3000 redefined class name=packaged.SupplyChainIssues, count=3
Event: 230.314 Thread 0x000002174d2c3000 redefined class name=packaged.SupplyChainIssues, count=4
Event: 247.285 Thread 0x000002174d2c3000 redefined class name=packaged.SupplyChainIssues, count=5

Internal exceptions (3 events):
Event: 0.083 Thread 0x000002176b3cd800 Exception <a 'java/lang/NoSuchMethodError'{0x0000000101cd2010}: java.lang.invoke.DirectMethodHandle$Holder.invokeSpecialIFC(Ljava/lang/Object;Ljava/lang/Object;I)I> (0x0000000101cd2010) thrown at [./open/src/hotspot/share/interpreter/linkResolver.cpp, lin
Event: 0.103 Thread 0x000002176b3cd800 Exception <a 'java/lang/NoSuchMethodError'{0x0000000101dac9b0}: java.lang.invoke.DirectMethodHandle$Holder.invokeSpecial(Ljava/lang/Object;Ljava/lang/Object;Ljava/lang/Object;Ljava/lang/Object;)I> (0x0000000101dac9b0) thrown at [./open/src/hotspot/share/i
Event: 0.105 Thread 0x000002176b3cd800 Exception <a 'java/lang/NoSuchMethodError'{0x0000000101db4a30}: java.lang.invoke.DirectMethodHandle$Holder.invokeVirtual(Ljava/lang/Object;Ljava/lang/Object;)V> (0x0000000101db4a30) thrown at [./open/src/hotspot/share/interpreter/linkResolver.cpp, line 77

Events (10 events):
Event: 250.291 Executing VM operation: GetOwnedMonitorInfo done
Event: 250.291 Executing VM operation: GetCurrentContendedMonitor
Event: 250.291 Executing VM operation: GetCurrentContendedMonitor done
Event: 250.333 Executing VM operation: GetFrameCount
Event: 250.334 Executing VM operation: GetFrameCount done
Event: 250.334 Executing VM operation: GetOwnedMonitorInfo
Event: 250.334 Executing VM operation: GetOwnedMonitorInfo done
Event: 250.334 Executing VM operation: GetCurrentContendedMonitor
Event: 250.334 Executing VM operation: GetCurrentContendedMonitor done
Event: 250.337 Executing VM operation: GetOrSetLocal


Dynamic libraries:
0x00007ff64c7a0000 - 0x00007ff64c7af000 	C:\Program Files\Java\jdk-11.0.16\bin\javaw.exe
0x00007ffdf2a90000 - 0x00007ffdf2c88000 	C:\Windows\SYSTEM32\ntdll.dll
0x00007ffdf1a90000 - 0x00007ffdf1b4d000 	C:\Windows\System32\KERNEL32.DLL
0x00007ffdf0370000 - 0x00007ffdf0642000 	C:\Windows\System32\KERNELBASE.dll
0x00007ffdf07e0000 - 0x00007ffdf08e0000 	C:\Windows\System32\ucrtbase.dll
0x00007ffdeaf10000 - 0x00007ffdeaf28000 	C:\Program Files\Java\jdk-11.0.16\bin\jli.dll
0x00007ffdd4800000 - 0x00007ffdd4815000 	C:\Program Files\Java\jdk-11.0.16\bin\VCRUNTIME140.dll
0x00007ffdf14c0000 - 0x00007ffdf156e000 	C:\Windows\System32\ADVAPI32.dll
0x00007ffdf0b60000 - 0x00007ffdf0bfe000 	C:\Windows\System32\msvcrt.dll
0x00007ffdf2080000 - 0x00007ffdf211c000 	C:\Windows\System32\sechost.dll
0x00007ffdf2920000 - 0x00007ffdf2a45000 	C:\Windows\System32\RPCRT4.dll
0x00007ffdf2180000 - 0x00007ffdf231d000 	C:\Windows\System32\USER32.dll
0x00007ffdf0650000 - 0x00007ffdf0672000 	C:\Windows\System32\win32u.dll
0x00007ffdda880000 - 0x00007ffddab1a000 	C:\Windows\WinSxS\amd64_microsoft.windows.common-controls_6595b64144ccf1df_6.0.19041.1110_none_60b5254171f9507e\COMCTL32.dll
0x00007ffdf0c00000 - 0x00007ffdf0c2b000 	C:\Windows\System32\GDI32.dll
0x00007ffdf0930000 - 0x00007ffdf0a3f000 	C:\Windows\System32\gdi32full.dll
0x00007ffdf0230000 - 0x00007ffdf02cd000 	C:\Windows\System32\msvcp_win.dll
0x00007ffdea790000 - 0x00007ffdea79a000 	C:\Windows\SYSTEM32\VERSION.dll
0x00007ffdf2050000 - 0x00007ffdf2080000 	C:\Windows\System32\IMM32.DLL
0x00007ffd8dc80000 - 0x00007ffd8dd1b000 	C:\Program Files\Java\jdk-11.0.16\bin\msvcp140.dll
0x00007ffd54430000 - 0x00007ffd54f48000 	C:\Program Files\Java\jdk-11.0.16\bin\server\jvm.dll
0x00007ffdf1380000 - 0x00007ffdf1388000 	C:\Windows\System32\PSAPI.DLL
0x00007ffdd7f70000 - 0x00007ffdd7f79000 	C:\Windows\SYSTEM32\WSOCK32.dll
0x00007ffde2b70000 - 0x00007ffde2b97000 	C:\Windows\SYSTEM32\WINMM.dll
0x00007ffdf1fe0000 - 0x00007ffdf204b000 	C:\Windows\System32\WS2_32.dll
0x00007ffdee040000 - 0x00007ffdee052000 	C:\Windows\SYSTEM32\kernel.appcore.dll
0x00007ffdc90d0000 - 0x00007ffdc90e0000 	C:\Program Files\Java\jdk-11.0.16\bin\verify.dll
0x00007ffde10e0000 - 0x00007ffde12c4000 	C:\Windows\SYSTEM32\DBGHELP.DLL
0x00007ffdd6a80000 - 0x00007ffdd6aac000 	C:\Windows\SYSTEM32\dbgcore.DLL
0x00007ffdf01a0000 - 0x00007ffdf0222000 	C:\Windows\System32\bcryptPrimitives.dll
0x00007ffdb95f0000 - 0x00007ffdb9618000 	C:\Program Files\Java\jdk-11.0.16\bin\java.dll
0x00007ffdc7420000 - 0x00007ffdc742a000 	C:\Program Files\Java\jdk-11.0.16\bin\jimage.dll
0x00007ffdac750000 - 0x00007ffdac788000 	C:\Program Files\Java\jdk-11.0.16\bin\jdwp.dll
0x00007ffdeab50000 - 0x00007ffdeab5e000 	C:\Program Files\Java\jdk-11.0.16\bin\instrument.dll
0x00007ffdb95d0000 - 0x00007ffdb95e6000 	C:\Program Files\Java\jdk-11.0.16\bin\zip.dll
0x00007ffdf0c30000 - 0x00007ffdf1373000 	C:\Windows\System32\SHELL32.dll
0x00007ffdee240000 - 0x00007ffdee9d1000 	C:\Windows\SYSTEM32\windows.storage.dll
0x00007ffdf1730000 - 0x00007ffdf1a84000 	C:\Windows\System32\combase.dll
0x00007ffdefb20000 - 0x00007ffdefb50000 	C:\Windows\SYSTEM32\Wldp.dll
0x00007ffdf1dc0000 - 0x00007ffdf1e6d000 	C:\Windows\System32\SHCORE.dll
0x00007ffdf2120000 - 0x00007ffdf2175000 	C:\Windows\System32\shlwapi.dll
0x00007ffdf00e0000 - 0x00007ffdf00ff000 	C:\Windows\SYSTEM32\profapi.dll
0x00007ffdb6300000 - 0x00007ffdb6319000 	C:\Program Files\Java\jdk-11.0.16\bin\net.dll
0x00007ffde77e0000 - 0x00007ffde78ed000 	C:\Windows\SYSTEM32\WINHTTP.dll
0x00007ffdef900000 - 0x00007ffdef96a000 	C:\Windows\system32\mswsock.dll
0x00007ffdb5e90000 - 0x00007ffdb5ea2000 	C:\Program Files\Java\jdk-11.0.16\bin\nio.dll
0x00007ffdd1b20000 - 0x00007ffdd1b2a000 	C:\Program Files\Java\jdk-11.0.16\bin\dt_socket.dll
0x00007ffdef600000 - 0x00007ffdef6ca000 	C:\Windows\SYSTEM32\DNSAPI.dll
0x00007ffdef5c0000 - 0x00007ffdef5fb000 	C:\Windows\SYSTEM32\IPHLPAPI.DLL
0x00007ffdf0b50000 - 0x00007ffdf0b58000 	C:\Windows\System32\NSI.dll
0x000000005c640000 - 0x000000005c666000 	C:\Program Files\Bonjour\mdnsNSP.dll
0x00007ffde6340000 - 0x00007ffde63c0000 	C:\Windows\System32\fwpuclnt.dll
0x00007ffdf02d0000 - 0x00007ffdf02f7000 	C:\Windows\System32\bcrypt.dll
0x00007ffde9a60000 - 0x00007ffde9a6a000 	C:\Windows\System32\rasadhlp.dll

dbghelp: loaded successfully - version: 4.0.5 - missing functions: none
symbol engine: initialized successfully - sym options: 0x614 - pdb path: .;C:\Program Files\Java\jdk-11.0.16\bin;C:\Windows\SYSTEM32;C:\Windows\WinSxS\amd64_microsoft.windows.common-controls_6595b64144ccf1df_6.0.19041.1110_none_60b5254171f9507e;C:\Program Files\Java\jdk-11.0.16\bin\server;C:\Program Files\Bonjour

VM Arguments:
jvm_args: -agentlib:jdwp=transport=dt_socket,suspend=y,address=localhost:59562 -javaagent:C:\Users\fajle\eclipse\java-2022-09\eclipse\configuration\org.eclipse.osgi\228\0\.cp\lib\javaagent-shaded.jar -Dfile.encoding=UTF-8 --module-path=C:\Users\fajle\Downloads\commons-lang3-3.12.0-bin\commons-lang3-3.12.0\commons-lang3-3.12.0-javadoc.jar;C:\Users\fajle\Downloads\commons-lang3-3.12.0-bin\commons-lang3-3.12.0\commons-lang3-3.12.0-sources.jar;C:\Users\fajle\Downloads\commons-lang3-3.12.0-bin\commons-lang3-3.12.0\commons-lang3-3.12.0.jar;C:\Users\fajle\eclipse-workspace\AdventOfCode\target\classes -Djdk.module.main=AdventOfCode 
java_command: AdventOfCode/packaged.SupplyChainIssues
java_class_path (initial): <not set>
Launcher Type: SUN_STANDARD

[Global flags]
     intx CICompilerCount                          = 12                                        {product} {ergonomic}
     uint ConcGCThreads                            = 4                                         {product} {ergonomic}
     uint G1ConcRefinementThreads                  = 15                                        {product} {ergonomic}
   size_t G1HeapRegionSize                         = 4194304                                   {product} {ergonomic}
    uintx GCDrainStackTargetSize                   = 64                                        {product} {ergonomic}
   size_t InitialHeapSize                          = 2147483648                                {product} {ergonomic}
   size_t MarkStackSize                            = 4194304                                   {product} {ergonomic}
   size_t MaxHeapSize                              = 32178700288                               {product} {ergonomic}
   size_t MaxNewSize                               = 19306381312                               {product} {ergonomic}
   size_t MinHeapDeltaBytes                        = 4194304                                   {product} {ergonomic}
    uintx NonNMethodCodeHeapSize                   = 7594288                                {pd product} {ergonomic}
    uintx NonProfiledCodeHeapSize                  = 122031976                              {pd product} {ergonomic}
    uintx ProfiledCodeHeapSize                     = 122031976                              {pd product} {ergonomic}
    uintx ReservedCodeCacheSize                    = 251658240                              {pd product} {ergonomic}
     bool SegmentedCodeCache                       = true                                      {product} {ergonomic}
     bool UseCompressedClassPointers               = true                                 {lp64_product} {ergonomic}
     bool UseCompressedOops                        = true                                 {lp64_product} {ergonomic}
     bool UseG1GC                                  = true                                      {product} {ergonomic}
     bool UseLargePagesIndividualAllocation        = false                                  {pd product} {ergonomic}

Logging:
Log output configuration:
 #0: stdout all=warning uptime,level,tags
 #1: stderr all=off uptime,level,tags

Environment Variables:
JAVA_HOME=C:\Program Files (x86)\Java\jdk1.8.0_271\
PATH=C:/Users/fajle/.p2/pool/plugins/org.eclipse.justj.openjdk.hotspot.jre.full.win32.x86_64_17.0.4.v20220903-1038/jre/bin/server;C:/Users/fajle/.p2/pool/plugins/org.eclipse.justj.openjdk.hotspot.jre.full.win32.x86_64_17.0.4.v20220903-1038/jre/bin;;C:\Program Files\Common Files\Oracle\Java\javapath;C:\Python39\Scripts\;C:\Python39\;C:\Users\fajle\Downloads\WINDOWS.X64_193000_db_home\bin;C:\Windows\system32;C:\Windows;C:\Windows\System32\Wbem;C:\Windows\System32\WindowsPowerShell\v1.0\;C:\Windows\System32\OpenSSH\;C:\Program Files\dotnet\;C:\Program Files\NVIDIA Corporation\NVIDIA NvDLISR;C:\Users\fajle\apache-maven-3.6.3-bin\apache-maven-3.6.3\bin;C:\Program Files (x86)\Gpg4win\..\GnuPG\bin;C:\Program Files (x86)\NVIDIA Corporation\PhysX\Common;C:\Program Files\nodejs\;C:\ProgramData\chocolatey\bin;C:\Program Files (x86)\Java\jdk1.8.0_271\;C:\Program Files\PuTTY\;C:\Users\fajle\AppData\Local\Microsoft\WindowsApps;C:\Users\fajle\AppData\Roaming\npm;C:\Program Files (x86)\Java\jdk1.8.0_271\bin;C:\Users\fajle\AppData\Local\atom\bin;C:\Users\fajle\commandlinetools-win-7583922_latest\bin;C:\Users\fajle\AppData\Local\Programs\Microsoft VS Code\bin;C:\MinGW\bin;C:\Program Files (x86)\Microsoft Visual Studio\2019\Community\VC\Tools\MSVC\14.28.29333\bin\Hostx64\x64;;C:\Windows\system32;
USERNAME=fajle
OS=Windows_NT
PROCESSOR_IDENTIFIER=Intel64 Family 6 Model 165 Stepping 5, GenuineIntel



---------------  S Y S T E M  ---------------

OS: Windows 10 , 64 bit Build 19041 (10.0.19041.1889)
Hyper-V role detected

CPU:total 20 (initial active 20) (10 cores per cpu, 2 threads per core) family 6 model 165 stepping 5 microcode 0xc8, cmov, cx8, fxsr, mmx, sse, sse2, sse3, ssse3, sse4.1, sse4.2, popcnt, avx, avx2, aes, clmul, erms, 3dnowpref, lzcnt, ht, tsc, tscinvbit, bmi1, bmi2, adx, fma

Memory: 4k page, system-wide physical 130973M (102508M free)
TotalPageFile size 150429M (AvailPageFile size 107962M)
current process WorkingSet (physical memory assigned to process): 57M, peak: 59M
current process commit charge ("private bytes"): 2228M, peak: 2231M

vm_info: Java HotSpot(TM) 64-Bit Server VM (11.0.16+11-LTS-199) for windows-amd64 JRE (11.0.16+11-LTS-199), built on Jun 28 2022 08:23:17 by "mach5one" with MS VC++ 15.9 (VS2017)

END.
